*******************************************************
sdiag output time: Mon Apr  2 11:05:57 2018
Data since:        Wed Dec 31 18:00:00 1969
*******************************************************
Server thread count: 0
Agent queue size:    0

Jobs submitted: 0
Jobs started:   0
Jobs completed: 0
Jobs canceled:  0
Jobs failed:    0

Main schedule statistics (microseconds):
	Last cycle:   4
	Max cycle:    4
	Total cycles: 1
	Mean cycle:   4
	Mean depth cycle:  0
	Cycles per minute: 0
	Last queue length: 0

Backfilling stats
	Total backfilled jobs (since last slurm start): 0
	Total backfilled jobs (since last stats cycle start): 0
	Total cycles: 0
	Last cycle when: Wed Dec 31 18:00:00 1969
	Last cycle: 0
	Max cycle:  0
	Last depth cycle: 0
	Last depth cycle (try sched): 0
	Last queue length: 0
