JobID|JobIDRaw|Cluster|Partition|Account|Group|GID|User|UID|Submit|Eligible|Start|End|Elapsed|ExitCode|State|NNodes|NCPUS|ReqCPUS|ReqMem|Timelimit|NodeList|QOS|ScheduledBy|JobName
1001|1001|beocat|normal|account2|users|100|user5|1005|2017-01-01T00:01:26|2017-01-01T00:01:26|2017-01-01T00:01:26|2017-01-01T00:01:41|00:00:15|0:0|COMPLETED|1|12|12|2800Mn|00:07:00|n1|normal|1|1001
1003|1003|beocat|normal|account2|users|100|user4|1004|2017-01-01T00:02:26|2017-01-01T00:02:26|2017-01-01T00:02:26|2017-01-01T00:05:01|00:02:35|0:0|COMPLETED|1|1|1|500000Mn|00:16:00|b1|normal|1|1003
1005|1005|beocat|normal|account2|users|100|user5|1005|2017-01-01T00:11:05|2017-01-01T00:11:05|2017-01-01T00:11:05|2017-01-01T00:12:14|00:01:09|0:0|COMPLETED|1|12|12|500000Mn|00:10:00|b1|normal|1|1005
1008|1008|beocat|normal|account2|users|100|user4|1004|2017-01-01T00:12:50|2017-01-01T00:12:50|2017-01-01T00:12:50|2017-01-01T00:12:51|00:00:01|0:0|COMPLETED|1|12|12|2800Mn|00:18:00|m3|normal|1|1008
1010|1010|beocat|normal|account2|users|100|user5|1005|2017-01-01T00:14:34|2017-01-01T00:14:34|2017-01-01T00:14:34|2017-01-01T00:14:35|00:00:01|0:0|COMPLETED|1|12|12|2800Mn|00:17:00|n4|normal|1|1010
1009|1009|beocat|normal|account1|users|100|user1|1001|2017-01-01T00:14:29|2017-01-01T00:14:29|2017-01-01T00:14:29|2017-01-01T00:15:35|00:01:06|0:0|COMPLETED|8|96|96|2800Mn|00:05:00|b[1-8]|normal|1|1009
1006|1006|beocat|normal|account1|users|100|user3|1003|2017-01-01T00:11:11|2017-01-01T00:11:11|2017-01-01T00:11:11|2017-01-01T00:15:42|00:04:31|0:0|COMPLETED|1|12|12|2800Mn|00:09:00|n3|normal|1|1006
1011|1011|beocat|normal|account2|users|100|user4|1004|2017-01-01T00:15:57|2017-01-01T00:15:57|2017-01-01T00:15:57|2017-01-01T00:15:58|00:00:01|0:0|COMPLETED|1|1|1|2800Mn|00:30:00|g1|normal|1|1011
1013|1013|beocat|normal|account1|users|100|user2|1002|2017-01-01T00:19:46|2017-01-01T00:19:46|2017-01-01T00:19:46|2017-01-01T00:19:47|00:00:01|0:0|COMPLETED|1|1|1|500000Mn|00:10:00|b1|normal|1|1013
1014|1014|beocat|normal|account2|users|100|user5|1005|2017-01-01T00:19:52|2017-01-01T00:19:52|2017-01-01T00:19:52|2017-01-01T00:19:53|00:00:01|0:0|COMPLETED|1|12|12|2800Mn|00:26:00|n3|normal|1|1014
1004|1004|beocat|normal|account1|users|100|user3|1003|2017-01-01T00:09:31|2017-01-01T00:09:31|2017-01-01T00:09:31|2017-01-01T00:20:10|00:10:39|0:0|COMPLETED|1|12|12|2800Mn|00:21:00|n2|normal|1|1004
1002|1002|beocat|normal|account1|users|100|user1|1001|2017-01-01T00:02:15|2017-01-01T00:02:15|2017-01-01T00:02:15|2017-01-01T00:22:16|00:20:01|0:0|COMPLETED|1|1|1|2800Mn|00:30:00|n1|normal|1|1002
1018|1018|beocat|normal|account1|users|100|user3|1003|2017-01-01T00:22:44|2017-01-01T00:22:44|2017-01-01T00:22:44|2017-01-01T00:23:06|00:00:22|0:0|COMPLETED|1|12|12|2800Mn|00:19:00|m4|normal|1|1018
1017|1017|beocat|normal|account1|users|100|user1|1001|2017-01-01T00:22:38|2017-01-01T00:22:38|2017-01-01T00:22:38|2017-01-01T00:23:12|00:00:34|0:0|COMPLETED|1|12|12|2800Mn|00:05:00|n1|normal|1|1017
1015|1015|beocat|normal|account1|users|100|user2|1002|2017-01-01T00:21:20|2017-01-01T00:21:20|2017-01-01T00:21:20|2017-01-01T00:30:28|00:09:08|0:0|COMPLETED|1|6|6|2800Mn|00:15:00|m3|normal|1|1015
1023|1023|beocat|normal|account1|users|100|user2|1002|2017-01-01T00:29:30|2017-01-01T00:29:30|2017-01-01T00:29:30|2017-01-01T00:33:30|00:04:00|0:0|COMPLETED|2|24|24|2800Mn|00:28:00|n[1-2]|normal|1|1023
1027|1027|beocat|normal|account2|users|100|user4|1004|2017-01-01T00:33:28|2017-01-01T00:33:28|2017-01-01T00:33:28|2017-01-01T00:33:34|00:00:06|0:0|COMPLETED|3|36|36|2800Mn|00:17:00|b[1-3]|normal|1|1027
1016|1016|beocat|normal|account1|users|100|user1|1001|2017-01-01T00:21:33|2017-01-01T00:21:33|2017-01-01T00:21:33|2017-01-01T00:34:26|00:12:53|0:0|COMPLETED|1|2|2|2800Mn|00:24:00|g1|normal|1|1016
1028|1028|beocat|normal|account1|users|100|user2|1002|2017-01-01T00:34:46|2017-01-01T00:34:46|2017-01-01T00:34:46|2017-01-01T00:34:47|00:00:01|0:0|COMPLETED|1|12|12|500000Mn|00:25:00|b2|normal|1|1028
1007|1007|beocat|normal|account2|users|100|user4|1004|2017-01-01T00:11:20|2017-01-01T00:11:20|2017-01-01T00:11:20|2017-01-01T00:36:20|00:25:00|0:0|COMPLETED|2|24|24|2800Mn|00:25:00|m[1-2]|normal|1|1007
1026|1026|beocat|normal|account1|users|100|user3|1003|2017-01-01T00:32:35|2017-01-01T00:32:35|2017-01-01T00:34:26|2017-01-01T00:37:50|00:03:24|0:0|COMPLETED|1|1|1|2800Mn|00:19:00|m3|normal|1|1026
1012|1012|beocat|normal|account2|users|100|user5|1005|2017-01-01T00:17:33|2017-01-01T00:17:33|2017-01-01T00:17:33|2017-01-01T00:38:59|00:21:26|0:0|COMPLETED|1|1|1|2800Mn|00:24:00|m3|normal|1|1012
1021|1021|beocat|normal|account1|users|100|user1|1001|2017-01-01T00:25:17|2017-01-01T00:25:17|2017-01-01T00:34:26|2017-01-01T00:39:03|00:04:37|0:0|COMPLETED|1|1|1|2800Mn|00:24:00|m3|normal|1|1021
1034|1034|beocat|normal|account2|users|100|user4|1004|2017-01-01T00:40:43|2017-01-01T00:40:43|2017-01-01T00:40:44|2017-01-01T00:40:45|00:00:01|0:0|COMPLETED|4|48|48|2800Mn|00:20:00|b[2-5]|normal|1|1034
1033|1033|beocat|normal|account2|users|100|user5|1005|2017-01-01T00:37:42|2017-01-01T00:37:42|2017-01-01T00:37:44|2017-01-01T00:41:22|00:03:38|0:0|COMPLETED|1|1|1|2800Mn|00:14:00|n1|normal|1|1033
1020|1020|beocat|normal|account1|users|100|user1|1001|2017-01-01T00:23:21|2017-01-01T00:23:21|2017-01-01T00:34:26|2017-01-01T00:41:28|00:07:02|0:0|COMPLETED|1|1|1|2800Mn|00:09:00|n1|normal|1|1020
1022|1022|beocat|normal|account1|users|100|user2|1002|2017-01-01T00:28:03|2017-01-01T00:28:03|2017-01-01T00:28:03|2017-01-01T00:43:44|00:15:41|0:0|COMPLETED|1|1|1|2800Mn|00:20:00|m3|normal|1|1022
1024|1024|beocat|normal|account2|users|100|user4|1004|2017-01-01T00:29:52|2017-01-01T00:29:52|2017-01-01T00:34:26|2017-01-01T00:44:47|00:10:21|0:0|COMPLETED|1|12|12|500000Mn|00:18:00|b1|normal|1|1024
1035|1035|beocat|normal|account1|users|100|user2|1002|2017-01-01T00:43:26|2017-01-01T00:43:26|2017-01-01T00:43:26|2017-01-01T00:45:26|00:02:00|0:0|COMPLETED|2|24|24|2800Mn|00:09:00|n[1,3]|normal|1|1035
1031|1031|beocat|normal|account1|users|100|user3|1003|2017-01-01T00:36:17|2017-01-01T00:36:17|2017-01-01T00:36:17|2017-01-01T00:45:48|00:09:31|0:0|COMPLETED|1|6|6|2800Mn|00:10:00|m4|normal|1|1031
1025|1025|beocat|normal|account1|users|100|user1|1001|2017-01-01T00:32:19|2017-01-01T00:32:19|2017-01-01T00:34:26|2017-01-01T00:48:28|00:14:02|0:0|COMPLETED|1|6|6|2800Mn|00:19:00|m3|normal|1|1025
1019|1019|beocat|normal|account2|users|100|user4|1004|2017-01-01T00:23:12|2017-01-01T00:23:12|2017-01-01T00:34:26|2017-01-01T00:51:49|00:17:23|0:0|COMPLETED|1|12|12|2800Mn|00:30:00|g1|normal|1|1019
1036|1036|beocat|normal|account1|users|100|user1|1001|2017-01-01T00:43:46|2017-01-01T00:43:46|2017-01-01T00:43:47|2017-01-01T00:52:49|00:09:02|0:0|COMPLETED|1|12|12|2800Mn|00:21:00|m2|normal|1|1036
1030|1030|beocat|normal|account1|users|100|user3|1003|2017-01-01T00:35:56|2017-01-01T00:35:56|2017-01-01T00:35:56|2017-01-01T00:53:31|00:17:35|0:0|COMPLETED|1|12|12|2800Mn|00:27:00|n2|normal|1|1030
1039|1039|beocat|normal|account1|users|100|user3|1003|2017-01-01T00:44:22|2017-01-01T00:44:22|2017-01-01T00:44:24|2017-01-01T00:54:22|00:09:58|0:0|COMPLETED|8|96|96|2800Mn|00:16:00|b[2-9]|normal|1|1039
1029|1029|beocat|normal|account2|users|100|user5|1005|2017-01-01T00:35:13|2017-01-01T00:35:13|2017-01-01T00:35:13|2017-01-01T00:55:33|00:20:20|0:0|COMPLETED|1|6|6|2800Mn|00:22:00|m4|normal|1|1029
1048|1048|beocat|normal|account2|users|100|user4|1004|2017-01-01T00:53:52|2017-01-01T00:53:52|2017-01-01T00:53:52|2017-01-01T00:57:29|00:03:37|0:0|COMPLETED|8|96|96|2800Mn|00:05:00|b[1,10],g1,m2,n[1-4]|normal|1|1048
1049|1049|beocat|normal|account2|users|100|user4|1004|2017-01-01T00:54:01|2017-01-01T00:54:01|2017-01-01T00:57:29|2017-01-01T00:57:30|00:00:01|0:0|COMPLETED|1|12|12|2800Mn|00:05:00|g1|normal|1|1049
1043|1043|beocat|normal|account2|users|100|user4|1004|2017-01-01T00:49:09|2017-01-01T00:49:09|2017-01-01T00:57:32|2017-01-01T00:58:32|00:01:00|0:0|COMPLETED|1|1|1|2800Mn|00:12:00|n4|normal|1|1043
1054|1054|beocat|normal|account1|users|100|user3|1003|2017-01-01T00:58:55|2017-01-01T00:58:55|2017-01-01T00:58:55|2017-01-01T00:58:56|00:00:01|0:0|COMPLETED|3|36|36|2800Mn|00:05:00|b[4-6]|normal|1|1054
1032|1032|beocat|normal|account2|users|100|user4|1004|2017-01-01T00:37:10|2017-01-01T00:37:10|2017-01-01T00:37:10|2017-01-01T01:01:10|00:24:00|0:0|COMPLETED|1|6|6|2800Mn|00:24:00|m1|normal|1|1032
1044|1044|beocat|normal|account2|users|100|user5|1005|2017-01-01T00:52:16|2017-01-01T00:52:16|2017-01-01T00:57:29|2017-01-01T01:01:17|00:03:48|0:0|COMPLETED|1|12|12|2800Mn|00:26:00|n1|normal|1|1044
1038|1038|beocat|normal|account1|users|100|user1|1001|2017-01-01T00:44:21|2017-01-01T00:44:21|2017-01-01T00:57:32|2017-01-01T01:01:22|00:03:50|0:0|COMPLETED|1|12|12|2800Mn|00:07:00|g1|normal|1|1038
1056|1056|beocat|normal|account1|users|100|user2|1002|2017-01-01T01:00:04|2017-01-01T01:00:04|2017-01-01T01:01:23|2017-01-01T01:02:10|00:00:47|0:0|COMPLETED|1|1|1|2800Mn|00:20:00|n1|normal|1|1056
1037|1037|beocat|normal|account1|users|100|user3|1003|2017-01-01T00:43:57|2017-01-01T00:43:57|2017-01-01T00:57:29|2017-01-01T01:02:30|00:05:01|0:0|COMPLETED|3|36|36|2800Mn|00:08:00|m[2-4]|normal|1|1037
1040|1040|beocat|normal|account1|users|100|user1|1001|2017-01-01T00:48:15|2017-01-01T00:48:15|2017-01-01T00:57:29|2017-01-01T01:02:51|00:05:22|0:0|COMPLETED|2|24|24|2800Mn|00:06:00|n[2-3]|normal|1|1040
1050|1050|beocat|normal|account1|users|100|user1|1001|2017-01-01T00:55:12|2017-01-01T00:55:12|2017-01-01T01:00:41|2017-01-01T01:04:01|00:03:20|0:0|COMPLETED|1|1|1|500000Mn|00:09:00|b4|normal|2|1050
1059|1059|beocat|normal|account1|users|100|user1|1001|2017-01-01T01:01:18|2017-01-01T01:01:18|2017-01-01T01:01:23|2017-01-01T01:04:03|00:02:40|0:0|COMPLETED|1|6|6|2800Mn|00:05:00|m1|normal|1|1059
1047|1047|beocat|normal|account2|users|100|user5|1005|2017-01-01T00:53:44|2017-01-01T00:53:44|2017-01-01T00:57:29|2017-01-01T01:05:30|00:08:01|0:0|COMPLETED|1|12|12|500000Mn|00:23:00|b1|normal|1|1047
1064|1064|beocat|normal|account1|users|100|user1|1001|2017-01-01T01:04:02|2017-01-01T01:04:02|2017-01-01T01:04:04|2017-01-01T01:06:33|00:02:29|0:0|COMPLETED|1|6|6|2800Mn|00:28:00|m1|normal|1|1064
1042|1042|beocat|normal|account1|users|100|user3|1003|2017-01-01T00:49:07|2017-01-01T00:49:07|2017-01-01T01:00:41|2017-01-01T01:06:56|00:06:15|0:0|COMPLETED|1|12|12|2800Mn|00:20:00|b5|normal|2|1042
1062|1062|beocat|normal|account1|users|100|user2|1002|2017-01-01T01:03:20|2017-01-01T01:03:20|2017-01-01T01:03:20|2017-01-01T01:07:17|00:03:57|0:0|COMPLETED|1|1|1|2800Mn|00:09:00|m1|normal|1|1062
1052|1052|beocat|normal|account1|users|100|user2|1002|2017-01-01T00:57:41|2017-01-01T00:57:41|2017-01-01T00:57:41|2017-01-01T01:07:39|00:09:58|0:0|COMPLETED|1|12|12|500000Mn|00:12:00|b2|normal|1|1052
1058|1058|beocat|normal|account2|users|100|user4|1004|2017-01-01T01:00:59|2017-01-01T01:00:59|2017-01-01T01:01:23|2017-01-01T01:08:10|00:06:47|0:0|COMPLETED|1|6|6|500000Mn|00:08:00|b7|normal|1|1058
1053|1053|beocat|normal|account2|users|100|user5|1005|2017-01-01T00:58:00|2017-01-01T00:58:00|2017-01-01T00:58:00|2017-01-01T01:08:43|00:10:43|0:0|COMPLETED|1|12|12|500000Mn|00:19:00|b3|normal|1|1053
1051|1051|beocat|normal|account1|users|100|user3|1003|2017-01-01T00:55:18|2017-01-01T00:55:18|2017-01-01T01:00:41|2017-01-01T01:09:00|00:08:19|0:0|COMPLETED|1|1|1|2800Mn|00:17:00|m1|normal|2|1051
1055|1055|beocat|normal|account1|users|100|user3|1003|2017-01-01T00:59:14|2017-01-01T00:59:14|2017-01-01T01:00:41|2017-01-01T01:14:31|00:13:50|0:0|COMPLETED|1|12|12|2800Mn|00:19:00|b6|normal|2|1055
1057|1057|beocat|normal|account2|users|100|user4|1004|2017-01-01T01:00:37|2017-01-01T01:00:37|2017-01-01T01:00:37|2017-01-01T01:20:29|00:19:52|0:0|COMPLETED|1|6|6|2800Mn|00:21:00|n4|normal|1|1057
1069|1069|beocat|normal|account1|users|100|user3|1003|2017-01-01T01:07:21|2017-01-01T01:07:21|2017-01-01T01:20:41|2017-01-01T01:20:42|00:00:01|0:0|COMPLETED|1|1|1|2800Mn|00:12:00|b5|normal|2|1069
1046|1046|beocat|normal|account1|users|100|user1|1001|2017-01-01T00:53:17|2017-01-01T00:53:17|2017-01-01T01:00:41|2017-01-01T01:21:41|00:21:00|0:0|COMPLETED|1|6|6|2800Mn|00:21:00|n4|normal|2|1046
1065|1065|beocat|normal|account2|users|100|user5|1005|2017-01-01T01:04:53|2017-01-01T01:04:53|2017-01-01T01:20:41|2017-01-01T01:21:46|00:01:05|0:0|COMPLETED|1|6|6|2800Mn|00:05:00|n4|normal|2|1065
1045|1045|beocat|normal|account1|users|100|user2|1002|2017-01-01T00:53:11|2017-01-01T00:53:11|2017-01-01T01:01:23|2017-01-01T01:22:12|00:20:49|0:0|COMPLETED|1|2|2|2800Mn|00:27:00|g1|normal|1|1045
1070|1070|beocat|normal|account2|users|100|user4|1004|2017-01-01T01:08:34|2017-01-01T01:08:34|2017-01-01T01:20:41|2017-01-01T01:24:37|00:03:56|0:0|COMPLETED|1|12|12|2800Mn|00:11:00|b9|normal|2|1070
1072|1072|beocat|normal|account1|users|100|user1|1001|2017-01-01T01:10:22|2017-01-01T01:10:22|2017-01-01T01:20:41|2017-01-01T01:24:52|00:04:11|0:0|COMPLETED|3|36|36|2800Mn|00:10:00|b[1-3]|normal|2|1072
1067|1067|beocat|normal|account2|users|100|user5|1005|2017-01-01T01:06:29|2017-01-01T01:06:29|2017-01-01T01:20:41|2017-01-01T01:25:06|00:04:25|0:0|COMPLETED|1|6|6|500000Mn|00:26:00|b5|normal|2|1067
1075|1075|beocat|normal|account1|users|100|user2|1002|2017-01-01T01:11:10|2017-01-01T01:11:10|2017-01-01T01:20:41|2017-01-01T01:28:15|00:07:34|0:0|COMPLETED|1|12|12|500000Mn|00:30:00|b10|normal|2|1075
1061|1061|beocat|normal|account1|users|100|user2|1002|2017-01-01T01:02:51|2017-01-01T01:02:51|2017-01-01T01:02:51|2017-01-01T01:30:51|00:28:00|0:0|COMPLETED|3|36|36|2800Mn|00:28:00|n[1-3]|normal|1|1061
1080|1080|beocat|normal|account2|users|100|user4|1004|2017-01-01T01:14:18|2017-01-01T01:14:18|2017-01-01T01:20:41|2017-01-01T01:31:15|00:10:34|0:0|COMPLETED|4|48|48|2800Mn|00:14:00|m[1-4]|normal|2|1080
1101|1101|beocat|normal|account1|users|100|user3|1003|2017-01-01T01:29:52|2017-01-01T01:29:52|2017-01-01T01:29:52|2017-01-01T01:33:28|00:03:36|0:0|COMPLETED|8|96|96|2800Mn|00:05:00|b[1-3,5,9-10],g1,n4|normal|1|1101
1088|1088|beocat|normal|account1|users|100|user2|1002|2017-01-01T01:19:15|2017-01-01T01:19:15|2017-01-01T01:20:41|2017-01-01T01:34:41|00:14:00|0:0|COMPLETED|3|36|36|2800Mn|00:14:00|b[6-8]|normal|2|1088
1082|1082|beocat|normal|account2|users|100|user5|1005|2017-01-01T01:15:57|2017-01-01T01:15:57|2017-01-01T01:20:41|2017-01-01T01:40:18|00:19:37|0:0|COMPLETED|1|12|12|2800Mn|00:20:00|b4|normal|2|1082
1076|1076|beocat|normal|account2|users|100|user5|1005|2017-01-01T01:11:54|2017-01-01T01:11:54|2017-01-01T01:40:41|2017-01-01T01:40:42|00:00:01|0:0|COMPLETED|1|12|12|2800Mn|00:10:00|m1|normal|2|1076
1111|1111|beocat|normal|account1|users|100|user2|1002|2017-01-01T01:37:38|2017-01-01T01:37:38|2017-01-01T01:40:41|2017-01-01T01:40:42|00:00:01|0:0|COMPLETED|1|1|1|2800Mn|00:13:00|m2|normal|2|1111
1100|1100|beocat|normal|account1|users|100|user2|1002|2017-01-01T01:29:14|2017-01-01T01:29:14|2017-01-01T01:40:41|2017-01-01T01:40:42|00:00:01|0:0|COMPLETED|1|1|1|500000Mn|00:07:00|b3|normal|2|1100
1087|1087|beocat|normal|account1|users|100|user1|1001|2017-01-01T01:18:40|2017-01-01T01:18:40|2017-01-01T01:40:41|2017-01-01T01:40:42|00:00:01|0:0|COMPLETED|1|1|1|2800Mn|00:22:00|m2|normal|2|1087
1071|1071|beocat|normal|account1|users|100|user1|1001|2017-01-01T01:08:49|2017-01-01T01:08:49|2017-01-01T01:40:41|2017-01-01T01:40:42|00:00:01|0:0|COMPLETED|1|1|1|2800Mn|00:29:00|m2|normal|2|1071
1085|1085|beocat|normal|account2|users|100|user5|1005|2017-01-01T01:18:11|2017-01-01T01:18:11|2017-01-01T01:40:41|2017-01-01T01:40:42|00:00:01|0:0|COMPLETED|1|12|12|2800Mn|00:05:00|g1|normal|2|1085
1066|1066|beocat|normal|account2|users|100|user4|1004|2017-01-01T01:05:03|2017-01-01T01:05:03|2017-01-01T01:33:28|2017-01-01T01:43:56|00:10:28|0:0|COMPLETED|4|48|48|2800Mn|00:20:00|n[1-4]|normal|1|1066
1092|1092|beocat|normal|account2|users|100|user4|1004|2017-01-01T01:23:17|2017-01-01T01:23:17|2017-01-01T01:40:41|2017-01-01T01:45:06|00:04:25|0:0|COMPLETED|2|24|24|2800Mn|00:30:00|m[3-4]|normal|2|1092
1090|1090|beocat|normal|account2|users|100|user4|1004|2017-01-01T01:20:57|2017-01-01T01:20:57|2017-01-01T01:40:41|2017-01-01T01:45:52|00:05:11|0:0|COMPLETED|1|1|1|2800Mn|00:11:00|m2|normal|2|1090
1107|1107|beocat|normal|account1|users|100|user2|1002|2017-01-01T01:34:02|2017-01-01T01:34:02|2017-01-01T01:40:41|2017-01-01T01:52:41|00:12:00|0:0|COMPLETED|1|1|1|500000Mn|00:12:00|b4|normal|2|1107
1083|1083|beocat|normal|account2|users|100|user4|1004|2017-01-01T01:17:25|2017-01-01T01:17:25|2017-01-01T01:43:56|2017-01-01T01:53:44|00:09:48|0:0|COMPLETED|3|36|36|2800Mn|00:27:00|n[1-3]|normal|1|1083
1086|1086|beocat|normal|account2|users|100|user4|1004|2017-01-01T01:18:29|2017-01-01T01:18:29|2017-01-01T01:53:44|2017-01-01T01:53:45|00:00:01|0:0|COMPLETED|3|36|36|2800Mn|00:06:00|n[1-3]|normal|1|1086
1084|1084|beocat|normal|account2|users|100|user5|1005|2017-01-01T01:17:39|2017-01-01T01:17:39|2017-01-01T01:40:41|2017-01-01T01:54:08|00:13:27|0:0|COMPLETED|1|6|6|2800Mn|00:17:00|m2|normal|2|1084
1097|1097|beocat|normal|account1|users|100|user1|1001|2017-01-01T01:27:30|2017-01-01T01:27:30|2017-01-01T01:40:41|2017-01-01T01:54:41|00:14:00|0:0|COMPLETED|1|12|12|2800Mn|00:14:00|b1|normal|2|1097
1098|1098|beocat|normal|account1|users|100|user3|1003|2017-01-01T01:28:00|2017-01-01T01:28:00|2017-01-01T01:40:41|2017-01-01T01:58:58|00:18:17|0:0|COMPLETED|1|12|12|500000Mn|00:22:00|b2|normal|2|1098
1125|1125|beocat|normal|account2|users|100|user5|1005|2017-01-01T01:55:23|2017-01-01T01:55:23|2017-01-01T02:00:41|2017-01-01T02:00:42|00:00:01|0:0|COMPLETED|1|6|6|2800Mn|00:30:00|b2|normal|2|1125
1124|1124|beocat|normal|account1|users|100|user2|1002|2017-01-01T01:53:50|2017-01-01T01:53:50|2017-01-01T02:00:41|2017-01-01T02:00:42|00:00:01|0:0|COMPLETED|1|1|1|2800Mn|00:05:00|m2|normal|2|1124
1079|1079|beocat|normal|account1|users|100|user2|1002|2017-01-01T01:13:23|2017-01-01T01:13:23|2017-01-01T02:00:41|2017-01-01T02:00:42|00:00:01|0:0|COMPLETED|1|12|12|2800Mn|00:05:00|m4|normal|2|1079
1132|1132|beocat|normal|account2|users|100|user5|1005|2017-01-01T01:58:48|2017-01-01T01:58:48|2017-01-01T02:00:41|2017-01-01T02:00:42|00:00:01|0:0|COMPLETED|1|1|1|2800Mn|00:05:00|m2|normal|2|1132
1130|1130|beocat|normal|account1|users|100|user1|1001|2017-01-01T01:57:57|2017-01-01T01:57:57|2017-01-01T02:00:41|2017-01-01T02:01:15|00:00:34|0:0|COMPLETED|1|1|1|500000Mn|00:12:00|b4|normal|2|1130
1126|1126|beocat|normal|account2|users|100|user4|1004|2017-01-01T01:55:54|2017-01-01T01:55:54|2017-01-01T02:00:41|2017-01-01T02:01:23|00:00:42|0:0|COMPLETED|2|24|24|2800Mn|00:05:00|m[1,3]|normal|2|1126
1063|1063|beocat|normal|account1|users|100|user1|1001|2017-01-01T01:03:53|2017-01-01T01:03:53|2017-01-01T02:00:41|2017-01-01T02:05:04|00:04:23|0:0|COMPLETED|1|1|1|2800Mn|00:21:00|g1|normal|2|1063
1060|1060|beocat|normal|account1|users|100|user3|1003|2017-01-01T01:01:40|2017-01-01T01:01:40|2017-01-01T02:00:41|2017-01-01T02:05:37|00:04:56|0:0|COMPLETED|1|6|6|2800Mn|00:05:00|m2|normal|2|1060
1041|1041|beocat|normal|account1|users|100|user1|1001|2017-01-01T00:48:47|2017-01-01T00:48:47|2017-01-01T02:00:41|2017-01-01T02:06:26|00:05:45|0:0|COMPLETED|1|1|1|2800Mn|00:08:00|g1|normal|2|1041
1122|1122|beocat|normal|account2|users|100|user4|1004|2017-01-01T01:50:54|2017-01-01T01:50:54|2017-01-01T02:00:41|2017-01-01T02:07:03|00:06:22|0:0|COMPLETED|1|6|6|2800Mn|00:17:00|b2|normal|2|1122
1094|1094|beocat|normal|account2|users|100|user5|1005|2017-01-01T01:24:11|2017-01-01T01:24:11|2017-01-01T01:40:41|2017-01-01T02:09:41|00:29:00|0:0|COMPLETED|1|1|1|2800Mn|00:29:00|m2|normal|2|1094
1146|1146|beocat|normal|account1|users|100|user3|1003|2017-01-01T02:10:26|2017-01-01T02:10:26|2017-01-01T02:10:26|2017-01-01T02:10:27|00:00:01|0:0|COMPLETED|8|96|96|2800Mn|00:21:00|b[2,4-10]|normal|1|1146
1116|1116|beocat|normal|account2|users|100|user5|1005|2017-01-01T01:42:26|2017-01-01T01:42:26|2017-01-01T02:00:41|2017-01-01T02:13:43|00:13:02|0:0|COMPLETED|1|12|12|2800Mn|00:21:00|b1|normal|2|1116
1129|1129|beocat|normal|account1|users|100|user1|1001|2017-01-01T01:57:03|2017-01-01T01:57:03|2017-01-01T02:00:41|2017-01-01T02:14:16|00:13:35|0:0|COMPLETED|4|48|48|2800Mn|00:28:00|n[1-4]|normal|2|1129
1068|1068|beocat|normal|account2|users|100|user5|1005|2017-01-01T01:07:12|2017-01-01T01:07:12|2017-01-01T02:14:16|2017-01-01T02:19:05|00:04:49|0:0|COMPLETED|1|1|1|2800Mn|00:16:00|n1|normal|1|1068
1156|1156|beocat|normal|account1|users|100|user1|1001|2017-01-01T02:17:09|2017-01-01T02:17:09|2017-01-01T02:17:09|2017-01-01T02:20:51|00:03:42|0:0|COMPLETED|8|96|96|2800Mn|00:05:00|b[1-2,4-9]|normal|1|1156
1096|1096|beocat|normal|account2|users|100|user5|1005|2017-01-01T01:27:19|2017-01-01T01:27:19|2017-01-01T02:14:16|2017-01-01T02:25:16|00:11:00|0:0|COMPLETED|1|6|6|2800Mn|00:11:00|n1|normal|1|1096
1134|1134|beocat|normal|account2|users|100|user4|1004|2017-01-01T02:01:08|2017-01-01T02:01:08|2017-01-01T02:20:41|2017-01-01T02:25:23|00:04:42|0:0|COMPLETED|1|6|6|2800Mn|00:12:00|n3|normal|2|1134
1108|1108|beocat|normal|account2|users|100|user5|1005|2017-01-01T01:34:55|2017-01-01T01:34:55|2017-01-01T02:14:16|2017-01-01T02:26:56|00:12:40|0:0|COMPLETED|1|6|6|2800Mn|00:30:00|n3|normal|1|1108
1158|1158|beocat|normal|account1|users|100|user1|1001|2017-01-01T02:17:52|2017-01-01T02:17:52|2017-01-01T02:20:51|2017-01-01T02:27:11|00:06:20|0:0|COMPLETED|8|96|96|2800Mn|00:07:00|b[1-2,4-9]|normal|1|1158
1120|1120|beocat|normal|account2|users|100|user5|1005|2017-01-01T01:48:56|2017-01-01T01:48:56|2017-01-01T02:14:16|2017-01-01T02:27:13|00:12:57|0:0|COMPLETED|1|12|12|2800Mn|00:28:00|n2|normal|1|1120
1113|1113|beocat|normal|account2|users|100|user5|1005|2017-01-01T01:39:50|2017-01-01T01:39:50|2017-01-01T02:20:41|2017-01-01T02:27:24|00:06:43|0:0|COMPLETED|1|1|1|2800Mn|00:18:00|n1|normal|2|1113
1123|1123|beocat|normal|account2|users|100|user5|1005|2017-01-01T01:53:43|2017-01-01T01:53:43|2017-01-01T02:20:41|2017-01-01T02:27:41|00:07:00|0:0|COMPLETED|1|1|1|2800Mn|00:07:00|n1|normal|2|1123
1162|1162|beocat|normal|account2|users|100|user5|1005|2017-01-01T02:21:06|2017-01-01T02:21:06|2017-01-01T02:27:11|2017-01-01T02:30:05|00:02:54|0:0|COMPLETED|8|96|96|2800Mn|00:29:00|b[1-2,4-9]|normal|1|1162
1091|1091|beocat|normal|account1|users|100|user3|1003|2017-01-01T01:23:09|2017-01-01T01:23:09|2017-01-01T02:09:41|2017-01-01T02:30:34|00:20:53|0:0|COMPLETED|4|48|48|2800Mn|00:27:00|m[1-4]|normal|1|1091
1117|1117|beocat|normal|account2|users|100|user4|1004|2017-01-01T01:44:05|2017-01-01T01:44:05|2017-01-01T02:00:41|2017-01-01T02:30:37|00:29:56|0:0|COMPLETED|1|12|12|2800Mn|00:30:00|b3|normal|2|1117
1140|1140|beocat|normal|account2|users|100|user5|1005|2017-01-01T02:04:18|2017-01-01T02:04:18|2017-01-01T02:20:41|2017-01-01T02:36:32|00:15:51|0:0|COMPLETED|1|12|12|2800Mn|00:20:00|g1|normal|2|1140
1102|1102|beocat|normal|account2|users|100|user5|1005|2017-01-01T01:29:54|2017-01-01T01:29:54|2017-01-01T02:20:41|2017-01-01T02:38:50|00:18:09|0:0|COMPLETED|1|1|1|2800Mn|00:28:00|n1|normal|2|1102
1138|1138|beocat|normal|account2|users|100|user4|1004|2017-01-01T02:03:02|2017-01-01T02:03:02|2017-01-01T02:40:41|2017-01-01T02:40:42|00:00:01|0:0|COMPLETED|1|12|12|2800Mn|00:05:00|b4|normal|2|1138
1153|1153|beocat|normal|account2|users|100|user4|1004|2017-01-01T02:16:42|2017-01-01T02:16:42|2017-01-01T02:20:41|2017-01-01T02:41:36|00:20:55|0:0|COMPLETED|2|24|24|2800Mn|00:22:00|b10,n4|normal|2|1153
1171|1171|beocat|normal|account2|users|100|user5|1005|2017-01-01T02:26:31|2017-01-01T02:26:31|2017-01-01T02:40:41|2017-01-01T02:41:42|00:01:01|0:0|COMPLETED|1|6|6|2800Mn|00:05:00|b8|normal|2|1171
1151|1151|beocat|normal|account2|users|100|user5|1005|2017-01-01T02:15:00|2017-01-01T02:15:00|2017-01-01T02:40:41|2017-01-01T02:43:04|00:02:23|0:0|COMPLETED|1|1|1|2800Mn|00:06:00|m4|normal|2|1151
1127|1127|beocat|normal|account2|users|100|user5|1005|2017-01-01T01:56:13|2017-01-01T01:56:13|2017-01-01T02:40:41|2017-01-01T02:43:07|00:02:26|0:0|COMPLETED|1|1|1|2800Mn|00:23:00|m4|normal|2|1127
1118|1118|beocat|normal|account1|users|100|user2|1002|2017-01-01T01:44:37|2017-01-01T01:44:37|2017-01-01T02:30:34|2017-01-01T02:43:16|00:12:42|0:0|COMPLETED|3|36|36|2800Mn|00:16:00|m[1-3]|normal|1|1118
1073|1073|beocat|normal|account1|users|100|user1|1001|2017-01-01T01:10:44|2017-01-01T01:10:44|2017-01-01T02:40:41|2017-01-01T02:43:38|00:02:57|0:0|COMPLETED|1|1|1|2800Mn|00:06:00|g1|normal|2|1073
1174|1174|beocat|normal|account1|users|100|user1|1001|2017-01-01T02:31:09|2017-01-01T02:31:09|2017-01-01T02:40:41|2017-01-01T02:45:21|00:04:40|0:0|COMPLETED|1|1|1|2800Mn|00:05:00|m4|normal|2|1174
1191|1191|beocat|normal|account2|users|100|user4|1004|2017-01-01T02:44:57|2017-01-01T02:44:57|2017-01-01T02:44:57|2017-01-01T02:47:24|00:02:27|0:0|COMPLETED|3|36|36|2800Mn|00:10:00|b[4,8-9]|normal|1|1191
1081|1081|beocat|normal|account2|users|100|user4|1004|2017-01-01T01:15:20|2017-01-01T01:15:20|2017-01-01T02:40:41|2017-01-01T02:50:09|00:09:28|0:0|COMPLETED|1|1|1|2800Mn|00:20:00|g1|normal|2|1081
1173|1173|beocat|normal|account2|users|100|user4|1004|2017-01-01T02:29:18|2017-01-01T02:29:18|2017-01-01T02:50:10|2017-01-01T02:50:11|00:00:01|0:0|COMPLETED|2|24|24|2800Mn|00:18:00|n[3-4]|normal|1|1173
1089|1089|beocat|normal|account2|users|100|user4|1004|2017-01-01T01:19:19|2017-01-01T01:19:19|2017-01-01T02:50:10|2017-01-01T02:51:30|00:01:20|0:0|COMPLETED|1|2|2|2800Mn|00:05:00|g1|normal|1|1089
1179|1179|beocat|normal|account2|users|100|user5|1005|2017-01-01T02:35:30|2017-01-01T02:35:30|2017-01-01T02:40:41|2017-01-01T02:53:10|00:12:29|0:0|COMPLETED|1|12|12|2800Mn|00:20:00|b7|normal|2|1179
1110|1110|beocat|normal|account1|users|100|user2|1002|2017-01-01T01:36:52|2017-01-01T01:36:52|2017-01-01T02:40:41|2017-01-01T02:54:34|00:13:53|0:0|COMPLETED|1|1|1|2800Mn|00:18:00|m4|normal|2|1110
1182|1182|beocat|normal|account2|users|100|user4|1004|2017-01-01T02:37:54|2017-01-01T02:37:54|2017-01-01T02:40:41|2017-01-01T02:55:07|00:14:26|0:0|COMPLETED|2|24|24|2800Mn|00:20:00|b[5-6]|normal|2|1182
1131|1131|beocat|normal|account2|users|100|user4|1004|2017-01-01T01:58:39|2017-01-01T01:58:39|2017-01-01T02:43:16|2017-01-01T02:55:16|00:12:00|0:0|COMPLETED|2|24|24|2800Mn|00:22:00|m[1-2]|normal|1|1131
1074|1074|beocat|normal|account1|users|100|user2|1002|2017-01-01T01:11:05|2017-01-01T01:11:05|2017-01-01T02:40:41|2017-01-01T02:56:04|00:15:23|0:0|COMPLETED|1|6|6|2800Mn|00:20:00|m4|normal|2|1074
1184|1184|beocat|normal|account2|users|100|user5|1005|2017-01-01T02:39:46|2017-01-01T02:39:46|2017-01-01T02:40:41|2017-01-01T02:59:41|00:19:00|0:0|COMPLETED|1|1|1|2800Mn|00:19:00|m4|normal|2|1184
1104|1104|beocat|normal|account1|users|100|user3|1003|2017-01-01T01:30:56|2017-01-01T01:30:56|2017-01-01T02:40:41|2017-01-01T03:00:07|00:19:26|0:0|COMPLETED|2|24|24|2800Mn|00:22:00|n[1-2]|normal|2|1104
1207|1207|beocat|normal|account1|users|100|user2|1002|2017-01-01T02:55:32|2017-01-01T02:55:32|2017-01-01T03:00:41|2017-01-01T03:00:42|00:00:01|0:0|COMPLETED|1|1|1|2800Mn|00:25:00|g1|normal|2|1207
1148|1148|beocat|normal|account1|users|100|user1|1001|2017-01-01T02:10:39|2017-01-01T02:10:39|2017-01-01T03:00:41|2017-01-01T03:03:11|00:02:30|0:0|COMPLETED|2|24|24|2800Mn|00:05:00|b[4-5]|normal|2|1148
1196|1196|beocat|normal|account2|users|100|user4|1004|2017-01-01T02:49:14|2017-01-01T02:49:14|2017-01-01T03:00:41|2017-01-01T03:04:53|00:04:12|0:0|COMPLETED|1|1|1|2800Mn|00:12:00|g1|normal|2|1196
1199|1199|beocat|normal|account1|users|100|user3|1003|2017-01-01T02:50:18|2017-01-01T02:50:18|2017-01-01T03:00:07|2017-01-01T03:06:49|00:06:42|0:0|COMPLETED|4|48|48|2800Mn|00:30:00|m[1-4]|normal|1|1199
1190|1190|beocat|normal|account2|users|100|user4|1004|2017-01-01T02:43:07|2017-01-01T02:43:07|2017-01-01T03:00:41|2017-01-01T03:08:41|00:08:00|0:0|COMPLETED|2|24|24|2800Mn|00:08:00|b[6-7]|normal|2|1190
1183|1183|beocat|normal|account1|users|100|user2|1002|2017-01-01T02:37:56|2017-01-01T02:37:56|2017-01-01T02:40:41|2017-01-01T03:09:41|00:29:00|0:0|COMPLETED|3|36|36|2800Mn|00:29:00|b[1-3]|normal|2|1183
1225|1225|beocat|normal|account1|users|100|user1|1001|2017-01-01T03:12:50|2017-01-01T03:12:50|2017-01-01T03:12:50|2017-01-01T03:12:51|00:00:01|0:0|COMPLETED|8|96|96|2800Mn|00:05:00|b[1-7],m1|normal|1|1225
1181|1181|beocat|normal|account2|users|100|user4|1004|2017-01-01T02:37:27|2017-01-01T02:37:27|2017-01-01T03:00:41|2017-01-01T03:19:14|00:18:33|0:0|COMPLETED|1|6|6|2800Mn|00:24:00|g1|normal|2|1181
1136|1136|beocat|normal|account1|users|100|user1|1001|2017-01-01T02:02:11|2017-01-01T02:02:11|2017-01-01T03:00:41|2017-01-01T03:19:56|00:19:15|0:0|COMPLETED|1|12|12|500000Mn|00:26:00|b10|normal|2|1136
1228|1228|beocat|normal|account2|users|100|user4|1004|2017-01-01T03:14:46|2017-01-01T03:14:46|2017-01-01T03:20:41|2017-01-01T03:23:41|00:03:00|0:0|COMPLETED|1|6|6|2800Mn|00:06:00|g1|normal|2|1228
1175|1175|beocat|normal|account1|users|100|user1|1001|2017-01-01T02:31:26|2017-01-01T02:31:26|2017-01-01T03:00:41|2017-01-01T03:27:41|00:27:00|0:0|COMPLETED|2|24|24|2800Mn|00:27:00|b[8-9]|normal|2|1175
1157|1157|beocat|normal|account2|users|100|user5|1005|2017-01-01T02:17:09|2017-01-01T02:17:09|2017-01-01T03:00:41|2017-01-01T03:27:41|00:27:00|0:0|COMPLETED|1|2|2|2800Mn|00:27:00|g1|normal|2|1157
1167|1167|beocat|normal|account1|users|100|user1|1001|2017-01-01T02:24:31|2017-01-01T02:24:31|2017-01-01T03:00:41|2017-01-01T03:28:41|00:28:00|0:0|COMPLETED|1|1|1|2800Mn|00:28:00|g1|normal|2|1167
1229|1229|beocat|normal|account1|users|100|user3|1003|2017-01-01T03:15:04|2017-01-01T03:15:04|2017-01-01T03:15:04|2017-01-01T03:28:57|00:13:53|0:0|COMPLETED|8|96|96|2800Mn|00:24:00|b[1-7],m1|normal|1|1229
1198|1198|beocat|normal|account1|users|100|user3|1003|2017-01-01T02:50:07|2017-01-01T02:50:07|2017-01-01T03:00:07|2017-01-01T03:29:07|00:29:00|0:0|COMPLETED|4|48|48|2800Mn|00:29:00|n[1-4]|normal|1|1198
1213|1213|beocat|normal|account1|users|100|user1|1001|2017-01-01T03:01:12|2017-01-01T03:01:12|2017-01-01T03:20:41|2017-01-01T03:30:36|00:09:55|0:0|COMPLETED|4|48|48|2800Mn|00:20:00|b10,m[2-4]|normal|2|1213
1180|1180|beocat|normal|account2|users|100|user5|1005|2017-01-01T02:36:56|2017-01-01T02:36:56|2017-01-01T03:29:07|2017-01-01T03:32:01|00:02:54|0:0|COMPLETED|1|12|12|2800Mn|00:05:00|n4|normal|1|1180
1164|1164|beocat|normal|account2|users|100|user4|1004|2017-01-01T02:22:23|2017-01-01T02:22:23|2017-01-01T03:32:01|2017-01-01T03:34:40|00:02:39|0:0|COMPLETED|1|6|6|2800Mn|00:07:00|m1|normal|1|1164
1177|1177|beocat|normal|account2|users|100|user5|1005|2017-01-01T02:32:06|2017-01-01T02:32:06|2017-01-01T03:29:07|2017-01-01T03:35:37|00:06:30|0:0|COMPLETED|1|6|6|2800Mn|00:26:00|m1|normal|1|1177
1195|1195|beocat|normal|account2|users|100|user5|1005|2017-01-01T02:47:58|2017-01-01T02:47:58|2017-01-01T03:32:01|2017-01-01T03:36:20|00:04:19|0:0|COMPLETED|1|12|12|2800Mn|00:13:00|n4|normal|1|1195
1077|1077|beocat|normal|account1|users|100|user1|1001|2017-01-01T01:12:09|2017-01-01T01:12:09|2017-01-01T03:36:20|2017-01-01T03:36:21|00:00:01|0:0|COMPLETED|1|6|6|2800Mn|00:25:00|n4|normal|1|1077
1099|1099|beocat|normal|account1|users|100|user1|1001|2017-01-01T01:28:14|2017-01-01T01:28:14|2017-01-01T03:36:23|2017-01-01T03:36:24|00:00:01|0:0|COMPLETED|1|6|6|2800Mn|00:13:00|m3|normal|1|1099
1212|1212|beocat|normal|account2|users|100|user5|1005|2017-01-01T02:57:35|2017-01-01T02:57:35|2017-01-01T03:36:23|2017-01-01T03:38:50|00:02:27|0:0|COMPLETED|1|1|1|2800Mn|00:25:00|m3|normal|1|1212
1128|1128|beocat|normal|account1|users|100|user2|1002|2017-01-01T01:56:31|2017-01-01T01:56:31|2017-01-01T03:40:41|2017-01-01T03:40:42|00:00:01|0:0|COMPLETED|1|6|6|2800Mn|00:05:00|m3|normal|2|1128
1078|1078|beocat|normal|account1|users|100|user3|1003|2017-01-01T01:12:16|2017-01-01T01:12:16|2017-01-01T03:40:41|2017-01-01T03:41:16|00:00:35|0:0|COMPLETED|1|6|6|2800Mn|00:09:00|m3|normal|2|1078
1258|1258|beocat|normal|account2|users|100|user4|1004|2017-01-01T03:37:37|2017-01-01T03:37:37|2017-01-01T03:40:41|2017-01-01T03:42:28|00:01:47|0:0|COMPLETED|1|6|6|2800Mn|00:10:00|g1|normal|2|1258
1239|1239|beocat|normal|account2|users|100|user5|1005|2017-01-01T03:22:38|2017-01-01T03:22:38|2017-01-01T03:40:41|2017-01-01T03:42:58|00:02:17|0:0|COMPLETED|1|6|6|2800Mn|00:09:00|b6|normal|2|1239
1255|1255|beocat|normal|account2|users|100|user5|1005|2017-01-01T03:36:37|2017-01-01T03:36:37|2017-01-01T03:40:41|2017-01-01T03:43:13|00:02:32|0:0|COMPLETED|1|1|1|2800Mn|00:05:00|b6|normal|2|1255
1221|1221|beocat|normal|account1|users|100|user1|1001|2017-01-01T03:11:37|2017-01-01T03:11:37|2017-01-01T03:40:41|2017-01-01T03:45:10|00:04:29|0:0|COMPLETED|1|1|1|2800Mn|00:12:00|g1|normal|2|1221
1210|1210|beocat|normal|account2|users|100|user4|1004|2017-01-01T02:56:21|2017-01-01T02:56:21|2017-01-01T03:36:23|2017-01-01T03:45:17|00:08:54|0:0|COMPLETED|1|12|12|2800Mn|00:21:00|n4|normal|1|1210
1109|1109|beocat|normal|account1|users|100|user2|1002|2017-01-01T01:36:51|2017-01-01T01:36:51|2017-01-01T03:45:17|2017-01-01T03:45:18|00:00:01|0:0|COMPLETED|1|6|6|2800Mn|00:29:00|n4|normal|1|1109
1115|1115|beocat|normal|account1|users|100|user2|1002|2017-01-01T01:41:26|2017-01-01T01:41:26|2017-01-01T03:45:20|2017-01-01T03:45:21|00:00:01|0:0|COMPLETED|1|6|6|2800Mn|00:09:00|n4|normal|1|1115
1193|1193|beocat|normal|account2|users|100|user4|1004|2017-01-01T02:46:36|2017-01-01T02:46:36|2017-01-01T03:36:20|2017-01-01T03:47:26|00:11:06|0:0|COMPLETED|1|12|12|2800Mn|00:24:00|m1|normal|1|1193
1241|1241|beocat|normal|account2|users|100|user4|1004|2017-01-01T03:24:11|2017-01-01T03:24:11|2017-01-01T03:40:41|2017-01-01T03:49:07|00:08:26|0:0|COMPLETED|1|1|1|2800Mn|00:22:00|g1|normal|2|1241
1139|1139|beocat|normal|account1|users|100|user1|1001|2017-01-01T02:04:03|2017-01-01T02:04:03|2017-01-01T03:40:41|2017-01-01T03:50:41|00:10:00|0:0|COMPLETED|1|12|12|500000Mn|00:10:00|b8|normal|2|1139
1114|1114|beocat|normal|account1|users|100|user2|1002|2017-01-01T01:40:21|2017-01-01T01:40:21|2017-01-01T03:45:17|2017-01-01T03:51:11|00:05:54|0:0|COMPLETED|1|6|6|2800Mn|00:11:00|n4|normal|1|1114
1247|1247|beocat|normal|account2|users|100|user4|1004|2017-01-01T03:30:26|2017-01-01T03:30:26|2017-01-01T03:36:23|2017-01-01T03:51:25|00:15:02|0:0|COMPLETED|2|24|24|2800Mn|00:26:00|b[1-2]|normal|1|1247
1119|1119|beocat|normal|account1|users|100|user2|1002|2017-01-01T01:44:46|2017-01-01T01:44:46|2017-01-01T03:36:20|2017-01-01T03:52:43|00:16:23|0:0|COMPLETED|1|12|12|2800Mn|00:22:00|m2|normal|1|1119
1218|1218|beocat|normal|account2|users|100|user5|1005|2017-01-01T03:04:43|2017-01-01T03:04:43|2017-01-01T03:29:07|2017-01-01T03:54:06|00:24:59|0:0|COMPLETED|3|36|36|2800Mn|00:30:00|n[1-3]|normal|1|1218
1252|1252|beocat|normal|account2|users|100|user4|1004|2017-01-01T03:34:29|2017-01-01T03:34:29|2017-01-01T03:36:23|2017-01-01T03:55:24|00:19:01|0:0|COMPLETED|2|24|24|2800Mn|00:28:00|b[3-4]|normal|1|1252
1243|1243|beocat|normal|account2|users|100|user5|1005|2017-01-01T03:27:42|2017-01-01T03:27:42|2017-01-01T03:36:23|2017-01-01T03:57:23|00:21:00|0:0|COMPLETED|1|12|12|2800Mn|00:21:00|m4|normal|1|1243
1166|1166|beocat|normal|account1|users|100|user1|1001|2017-01-01T02:24:23|2017-01-01T02:24:23|2017-01-01T04:00:41|2017-01-01T04:01:25|00:00:44|0:0|COMPLETED|1|12|12|2800Mn|00:17:00|b4|normal|2|1166
1103|1103|beocat|normal|account1|users|100|user3|1003|2017-01-01T01:30:36|2017-01-01T01:30:36|2017-01-01T03:45:20|2017-01-01T04:03:03|00:17:43|0:0|COMPLETED|1|12|12|2800Mn|00:29:00|m3|normal|1|1103
1165|1165|beocat|normal|account1|users|100|user2|1002|2017-01-01T02:23:56|2017-01-01T02:23:56|2017-01-01T03:40:41|2017-01-01T04:03:18|00:22:37|0:0|COMPLETED|1|12|12|2800Mn|00:30:00|b9|normal|2|1165
1147|1147|beocat|normal|account1|users|100|user2|1002|2017-01-01T02:10:38|2017-01-01T02:10:38|2017-01-01T03:40:41|2017-01-01T04:04:41|00:24:00|0:0|COMPLETED|1|12|12|2800Mn|00:24:00|b7|normal|2|1147
1133|1133|beocat|normal|account1|users|100|user3|1003|2017-01-01T02:01:03|2017-01-01T02:01:03|2017-01-01T04:00:41|2017-01-01T04:05:56|00:05:15|0:0|COMPLETED|1|12|12|2800Mn|00:08:00|b3|normal|2|1133
1112|1112|beocat|normal|account1|users|100|user2|1002|2017-01-01T01:38:15|2017-01-01T01:38:15|2017-01-01T03:40:41|2017-01-01T04:07:16|00:26:35|0:0|COMPLETED|1|2|2|2800Mn|00:27:00|g1|normal|2|1112
1169|1169|beocat|normal|account1|users|100|user2|1002|2017-01-01T02:24:37|2017-01-01T02:24:37|2017-01-01T03:40:41|2017-01-01T04:07:41|00:27:00|0:0|COMPLETED|1|12|12|2800Mn|00:27:00|b10|normal|2|1169
1141|1141|beocat|normal|account1|users|100|user2|1002|2017-01-01T02:06:23|2017-01-01T02:06:23|2017-01-01T03:40:41|2017-01-01T04:09:41|00:29:00|0:0|COMPLETED|1|12|12|2800Mn|00:29:00|b5|normal|2|1141
1168|1168|beocat|normal|account1|users|100|user3|1003|2017-01-01T02:24:35|2017-01-01T02:24:35|2017-01-01T04:00:41|2017-01-01T04:11:20|00:10:39|0:0|COMPLETED|2|24|24|2800Mn|00:20:00|m[2,4]|normal|2|1168
1273|1273|beocat|normal|account2|users|100|user4|1004|2017-01-01T03:52:38|2017-01-01T03:52:38|2017-01-01T03:54:06|2017-01-01T04:13:06|00:19:00|0:0|COMPLETED|3|36|36|2800Mn|00:19:00|b[1-2,6]|normal|1|1273
1266|1266|beocat|normal|account2|users|100|user4|1004|2017-01-01T03:48:03|2017-01-01T03:48:03|2017-01-01T03:54:06|2017-01-01T04:18:21|00:24:15|0:0|COMPLETED|4|48|48|2800Mn|00:25:00|n[1-4]|normal|1|1266
1106|1106|beocat|normal|account1|users|100|user1|1001|2017-01-01T01:33:19|2017-01-01T01:33:19|2017-01-01T04:18:21|2017-01-01T04:18:22|00:00:01|0:0|COMPLETED|1|1|1|2800Mn|00:14:00|g1|normal|1|1106
1307|1307|beocat|normal|account2|users|100|user4|1004|2017-01-01T04:17:36|2017-01-01T04:17:36|2017-01-01T04:18:21|2017-01-01T04:19:03|00:00:42|0:0|COMPLETED|4|48|48|2800Mn|00:30:00|b[1-4]|normal|1|1307
1135|1135|beocat|normal|account1|users|100|user3|1003|2017-01-01T02:01:36|2017-01-01T02:01:36|2017-01-01T04:20:41|2017-01-01T04:21:36|00:00:55|0:0|COMPLETED|1|6|6|2800Mn|00:30:00|b5|normal|2|1135
1137|1137|beocat|normal|account1|users|100|user1|1001|2017-01-01T02:02:23|2017-01-01T02:02:23|2017-01-01T04:00:41|2017-01-01T04:21:37|00:20:56|0:0|COMPLETED|1|12|12|2800Mn|00:29:00|m1|normal|2|1137
1211|1211|beocat|normal|account1|users|100|user3|1003|2017-01-01T02:57:02|2017-01-01T02:57:02|2017-01-01T04:20:41|2017-01-01T04:21:38|00:00:57|0:0|COMPLETED|2|24|24|2800Mn|00:07:00|b[8-9]|normal|2|1211
1176|1176|beocat|normal|account1|users|100|user3|1003|2017-01-01T02:31:31|2017-01-01T02:31:31|2017-01-01T04:20:41|2017-01-01T04:22:04|00:01:23|0:0|COMPLETED|1|12|12|2800Mn|00:05:00|b10|normal|2|1176
1154|1154|beocat|normal|account1|users|100|user3|1003|2017-01-01T02:16:47|2017-01-01T02:16:47|2017-01-01T04:20:41|2017-01-01T04:22:27|00:01:46|0:0|COMPLETED|1|12|12|500000Mn|00:19:00|b4|normal|2|1154
1159|1159|beocat|normal|account1|users|100|user3|1003|2017-01-01T02:18:45|2017-01-01T02:18:45|2017-01-01T04:20:41|2017-01-01T04:22:34|00:01:53|0:0|COMPLETED|1|12|12|2800Mn|00:06:00|b6|normal|2|1159
1170|1170|beocat|normal|account1|users|100|user1|1001|2017-01-01T02:25:35|2017-01-01T02:25:35|2017-01-01T04:18:21|2017-01-01T04:22:48|00:04:27|0:0|COMPLETED|2|24|24|2800Mn|00:15:00|n[1-2]|normal|1|1170
1279|1279|beocat|normal|account1|users|100|user1|1001|2017-01-01T03:57:47|2017-01-01T03:57:47|2017-01-01T04:20:41|2017-01-01T04:24:20|00:03:39|0:0|COMPLETED|1|1|1|2800Mn|00:18:00|b5|normal|2|1279
1197|1197|beocat|normal|account2|users|100|user4|1004|2017-01-01T02:49:35|2017-01-01T02:49:35|2017-01-01T04:20:41|2017-01-01T04:24:39|00:03:58|0:0|COMPLETED|1|1|1|2800Mn|00:06:00|g1|normal|2|1197
1267|1267|beocat|normal|account2|users|100|user5|1005|2017-01-01T03:48:22|2017-01-01T03:48:22|2017-01-01T04:20:41|2017-01-01T04:25:32|00:04:51|0:0|COMPLETED|1|12|12|2800Mn|00:11:00|b7|normal|2|1267
1188|1188|beocat|normal|account1|users|100|user1|1001|2017-01-01T02:42:58|2017-01-01T02:42:58|2017-01-01T04:18:21|2017-01-01T04:26:48|00:08:27|0:0|COMPLETED|2|24|24|2800Mn|00:13:00|n[3-4]|normal|1|1188
1194|1194|beocat|normal|account1|users|100|user3|1003|2017-01-01T02:47:50|2017-01-01T02:47:50|2017-01-01T04:20:41|2017-01-01T04:27:07|00:06:26|0:0|COMPLETED|2|24|24|2800Mn|00:19:00|b[2-3]|normal|2|1194
1209|1209|beocat|normal|account1|users|100|user1|1001|2017-01-01T02:56:19|2017-01-01T02:56:19|2017-01-01T04:20:41|2017-01-01T04:27:36|00:06:55|0:0|COMPLETED|2|24|24|2800Mn|00:07:00|m[3-4]|normal|2|1209
1288|1288|beocat|normal|account2|users|100|user4|1004|2017-01-01T04:03:46|2017-01-01T04:03:46|2017-01-01T04:20:41|2017-01-01T04:31:45|00:11:04|0:0|COMPLETED|1|1|1|2800Mn|00:21:00|b5|normal|2|1288
1145|1145|beocat|normal|account1|users|100|user3|1003|2017-01-01T02:09:48|2017-01-01T02:09:48|2017-01-01T04:20:41|2017-01-01T04:33:04|00:12:23|0:0|COMPLETED|1|12|12|2800Mn|00:18:00|b1|normal|2|1145
1314|1314|beocat|normal|account1|users|100|user1|1001|2017-01-01T04:23:08|2017-01-01T04:23:08|2017-01-01T04:23:08|2017-01-01T04:33:25|00:10:17|0:0|COMPLETED|8|96|96|2800Mn|00:13:00|b[4,6,8-10],m1,n[1-2]|normal|1|1314
1155|1155|beocat|normal|account1|users|100|user1|1001|2017-01-01T02:16:54|2017-01-01T02:16:54|2017-01-01T04:20:41|2017-01-01T04:33:57|00:13:16|0:0|COMPLETED|1|12|12|2800Mn|00:19:00|m2|normal|2|1155
1274|1274|beocat|normal|account2|users|100|user5|1005|2017-01-01T03:52:58|2017-01-01T03:52:58|2017-01-01T04:36:41|2017-01-01T04:39:57|00:03:16|0:0|COMPLETED|2|24|24|2800Mn|00:28:00|n[1-2]|normal|1|1274
1105|1105|beocat|normal|account1|users|100|user1|1001|2017-01-01T01:32:54|2017-01-01T01:32:54|2017-01-01T04:18:21|2017-01-01T04:39:58|00:21:37|0:0|COMPLETED|1|1|1|2800Mn|00:27:00|g1|normal|1|1105
1142|1142|beocat|normal|account1|users|100|user2|1002|2017-01-01T02:06:32|2017-01-01T02:06:32|2017-01-01T04:40:41|2017-01-01T04:40:42|00:00:01|0:0|COMPLETED|1|6|6|2800Mn|00:17:00|n1|normal|2|1142
1219|1219|beocat|normal|account1|users|100|user2|1002|2017-01-01T03:06:40|2017-01-01T03:06:40|2017-01-01T04:40:41|2017-01-01T04:40:42|00:00:01|0:0|COMPLETED|1|12|12|500000Mn|00:16:00|b10|normal|2|1219
1204|1204|beocat|normal|account2|users|100|user4|1004|2017-01-01T02:54:44|2017-01-01T02:54:44|2017-01-01T04:40:41|2017-01-01T04:40:42|00:00:01|0:0|COMPLETED|1|1|1|2800Mn|00:19:00|n1|normal|2|1204
1332|1332|beocat|normal|account1|users|100|user3|1003|2017-01-01T04:37:45|2017-01-01T04:37:45|2017-01-01T04:40:41|2017-01-01T04:41:28|00:00:47|0:0|COMPLETED|1|1|1|2800Mn|00:10:00|b1|normal|2|1332
1232|1232|beocat|normal|account1|users|100|user3|1003|2017-01-01T03:16:26|2017-01-01T03:16:26|2017-01-01T04:40:41|2017-01-01T04:43:21|00:02:40|0:0|COMPLETED|2|24|24|2800Mn|00:14:00|b[8-9]|normal|2|1232
1262|1262|beocat|normal|account2|users|100|user5|1005|2017-01-01T03:43:39|2017-01-01T03:43:39|2017-01-01T04:40:41|2017-01-01T04:43:40|00:02:59|0:0|COMPLETED|1|6|6|500000Mn|00:13:00|b1|normal|2|1262
1095|1095|beocat|normal|account1|users|100|user3|1003|2017-01-01T01:25:38|2017-01-01T01:25:38|2017-01-01T04:40:00|2017-01-01T04:43:47|00:03:47|0:0|COMPLETED|1|1|1|2800Mn|00:08:00|n1|normal|1|1095
1143|1143|beocat|normal|account1|users|100|user2|1002|2017-01-01T02:08:06|2017-01-01T02:08:06|2017-01-01T04:40:41|2017-01-01T04:45:00|00:04:19|0:0|COMPLETED|1|1|1|2800Mn|00:07:00|n1|normal|2|1143
1161|1161|beocat|normal|account1|users|100|user3|1003|2017-01-01T02:20:58|2017-01-01T02:20:58|2017-01-01T04:20:41|2017-01-01T04:46:20|00:25:39|0:0|COMPLETED|1|1|1|2800Mn|00:30:00|b5|normal|2|1161
1236|1236|beocat|normal|account1|users|100|user1|1001|2017-01-01T03:20:34|2017-01-01T03:20:34|2017-01-01T04:20:41|2017-01-01T04:47:00|00:26:19|0:0|COMPLETED|1|1|1|2800Mn|00:29:00|b5|normal|2|1236
1317|1317|beocat|normal|account2|users|100|user5|1005|2017-01-01T04:24:33|2017-01-01T04:24:33|2017-01-01T04:40:41|2017-01-01T04:47:20|00:06:39|0:0|COMPLETED|1|6|6|500000Mn|00:10:00|b5|normal|2|1317
1093|1093|beocat|normal|account1|users|100|user3|1003|2017-01-01T01:24:04|2017-01-01T01:24:04|2017-01-01T04:40:00|2017-01-01T04:47:25|00:07:25|0:0|COMPLETED|1|1|1|2800Mn|00:28:00|n1|normal|1|1093
1152|1152|beocat|normal|account1|users|100|user1|1001|2017-01-01T02:15:10|2017-01-01T02:15:10|2017-01-01T04:40:41|2017-01-01T04:49:05|00:08:24|0:0|COMPLETED|1|1|1|2800Mn|00:14:00|n1|normal|2|1152
1144|1144|beocat|normal|account1|users|100|user3|1003|2017-01-01T02:08:56|2017-01-01T02:08:56|2017-01-01T04:40:41|2017-01-01T04:50:44|00:10:03|0:0|COMPLETED|1|1|1|500000Mn|00:11:00|b3|normal|2|1144
1149|1149|beocat|normal|account1|users|100|user3|1003|2017-01-01T02:11:38|2017-01-01T02:11:38|2017-01-01T04:40:41|2017-01-01T04:52:41|00:12:00|0:0|COMPLETED|1|1|1|2800Mn|00:12:00|n1|normal|2|1149
1320|1320|beocat|normal|account2|users|100|user5|1005|2017-01-01T04:28:04|2017-01-01T04:28:04|2017-01-01T04:40:00|2017-01-01T04:52:43|00:12:43|0:0|COMPLETED|3|36|36|2800Mn|00:14:00|n[2-4]|normal|1|1320
1290|1290|beocat|normal|account1|users|100|user2|1002|2017-01-01T04:04:30|2017-01-01T04:04:30|2017-01-01T04:40:41|2017-01-01T04:59:07|00:18:26|0:0|COMPLETED|3|36|36|2800Mn|00:26:00|b[4,6-7]|normal|2|1290
1352|1352|beocat|normal|account2|users|100|user4|1004|2017-01-01T04:58:32|2017-01-01T04:58:32|2017-01-01T04:58:32|2017-01-01T05:02:07|00:03:35|0:0|COMPLETED|8|96|96|2800Mn|00:05:00|b[1,3,5,8-10],n[1-2]|normal|1|1352
1289|1289|beocat|normal|account2|users|100|user5|1005|2017-01-01T04:03:52|2017-01-01T04:03:52|2017-01-01T04:40:41|2017-01-01T05:03:41|00:23:00|0:0|COMPLETED|1|12|12|500000Mn|00:23:00|b2|normal|2|1289
1253|1253|beocat|normal|account1|users|100|user3|1003|2017-01-01T03:34:49|2017-01-01T03:34:49|2017-01-01T04:40:41|2017-01-01T05:03:41|00:23:00|0:0|COMPLETED|4|48|48|2800Mn|00:23:00|m[1-4]|normal|2|1253
1121|1121|beocat|normal|account1|users|100|user3|1003|2017-01-01T01:50:24|2017-01-01T01:50:24|2017-01-01T04:40:00|2017-01-01T05:09:00|00:29:00|0:0|COMPLETED|1|12|12|2800Mn|00:30:00|g1|normal|1|1121
1150|1150|beocat|normal|account1|users|100|user2|1002|2017-01-01T02:13:50|2017-01-01T02:13:50|2017-01-01T05:09:00|2017-01-01T05:12:17|00:03:17|0:0|COMPLETED|1|12|12|2800Mn|00:14:00|g1|normal|1|1150
1187|1187|beocat|normal|account1|users|100|user3|1003|2017-01-01T02:42:52|2017-01-01T02:42:52|2017-01-01T05:09:00|2017-01-01T05:13:46|00:04:46|0:0|COMPLETED|2|24|24|2800Mn|00:05:00|m[1-2]|normal|1|1187
1355|1355|beocat|normal|account1|users|100|user2|1002|2017-01-01T04:59:06|2017-01-01T04:59:06|2017-01-01T05:02:07|2017-01-01T05:18:48|00:16:41|0:0|COMPLETED|8|96|96|2800Mn|00:22:00|b[1,3-9]|normal|1|1355
1245|1245|beocat|normal|account2|users|100|user5|1005|2017-01-01T03:28:14|2017-01-01T03:28:14|2017-01-01T05:16:57|2017-01-01T05:19:56|00:02:59|0:0|COMPLETED|1|2|2|2800Mn|00:05:00|g1|normal|1|1245
1185|1185|beocat|normal|account1|users|100|user2|1002|2017-01-01T02:41:11|2017-01-01T02:41:11|2017-01-01T05:20:41|2017-01-01T05:20:42|00:00:01|0:0|COMPLETED|1|12|12|2800Mn|00:13:00|m4|normal|2|1185
1163|1163|beocat|normal|account1|users|100|user1|1001|2017-01-01T02:22:01|2017-01-01T02:22:01|2017-01-01T05:20:41|2017-01-01T05:20:42|00:00:01|0:0|COMPLETED|1|2|2|2800Mn|00:21:00|g1|normal|2|1163
1215|1215|beocat|normal|account1|users|100|user3|1003|2017-01-01T03:01:54|2017-01-01T03:01:54|2017-01-01T05:09:00|2017-01-01T05:20:46|00:11:46|0:0|COMPLETED|3|36|36|2800Mn|00:16:00|n[1-3]|normal|1|1215
1356|1356|beocat|normal|account2|users|100|user4|1004|2017-01-01T05:00:16|2017-01-01T05:00:16|2017-01-01T05:20:41|2017-01-01T05:21:47|00:01:06|0:0|COMPLETED|1|1|1|2800Mn|00:08:00|g1|normal|2|1356
1281|1281|beocat|normal|account2|users|100|user5|1005|2017-01-01T03:58:31|2017-01-01T03:58:31|2017-01-01T05:21:47|2017-01-01T05:21:48|00:00:01|0:0|COMPLETED|1|6|6|2800Mn|00:16:00|m4|normal|1|1281
1331|1331|beocat|normal|account2|users|100|user4|1004|2017-01-01T04:37:06|2017-01-01T04:37:06|2017-01-01T05:20:41|2017-01-01T05:21:59|00:01:18|0:0|COMPLETED|1|6|6|2800Mn|00:17:00|g1|normal|2|1331
1186|1186|beocat|normal|account1|users|100|user1|1001|2017-01-01T02:41:31|2017-01-01T02:41:31|2017-01-01T05:00:41|2017-01-01T05:22:41|00:22:00|0:0|COMPLETED|1|12|12|2800Mn|00:22:00|n4|normal|2|1186
1358|1358|beocat|normal|account1|users|100|user3|1003|2017-01-01T05:02:52|2017-01-01T05:02:52|2017-01-01T05:20:41|2017-01-01T05:25:32|00:04:51|0:0|COMPLETED|1|1|1|2800Mn|00:09:00|g1|normal|2|1358
1315|1315|beocat|normal|account2|users|100|user5|1005|2017-01-01T04:23:42|2017-01-01T04:23:42|2017-01-01T05:20:41|2017-01-01T05:25:41|00:05:00|0:0|COMPLETED|1|12|12|2800Mn|00:05:00|b9|normal|2|1315
1254|1254|beocat|normal|account1|users|100|user2|1002|2017-01-01T03:35:51|2017-01-01T03:35:51|2017-01-01T05:20:47|2017-01-01T05:30:47|00:10:00|0:0|COMPLETED|3|36|36|2800Mn|00:10:00|n[1-3]|normal|1|1254
1399|1399|beocat|normal|account1|users|100|user1|1001|2017-01-01T05:34:30|2017-01-01T05:34:30|2017-01-01T05:40:41|2017-01-01T05:40:42|00:00:01|0:0|COMPLETED|1|1|1|2800Mn|00:05:00|n4|normal|2|1399
1277|1277|beocat|normal|account2|users|100|user4|1004|2017-01-01T03:55:22|2017-01-01T03:55:22|2017-01-01T05:25:32|2017-01-01T05:40:57|00:15:25|0:0|COMPLETED|1|12|12|2800Mn|00:16:00|g1|normal|1|1277
1383|1383|beocat|normal|account1|users|100|user1|1001|2017-01-01T05:20:37|2017-01-01T05:20:37|2017-01-01T05:20:37|2017-01-01T05:41:11|00:20:34|0:0|COMPLETED|8|96|96|2800Mn|00:25:00|b[1-8]|normal|1|1383
1329|1329|beocat|normal|account2|users|100|user4|1004|2017-01-01T04:35:05|2017-01-01T04:35:05|2017-01-01T05:40:41|2017-01-01T05:41:38|00:00:57|0:0|COMPLETED|1|1|1|2800Mn|00:05:00|n4|normal|2|1329
1287|1287|beocat|normal|account2|users|100|user4|1004|2017-01-01T04:01:49|2017-01-01T04:01:49|2017-01-01T05:20:41|2017-01-01T05:41:41|00:21:00|0:0|COMPLETED|1|12|12|2800Mn|00:21:00|b10|normal|2|1287
1319|1319|beocat|normal|account2|users|100|user4|1004|2017-01-01T04:27:37|2017-01-01T04:27:37|2017-01-01T05:40:41|2017-01-01T05:42:12|00:01:31|0:0|COMPLETED|1|1|1|2800Mn|00:05:00|n4|normal|2|1319
1327|1327|beocat|normal|account2|users|100|user4|1004|2017-01-01T04:33:59|2017-01-01T04:33:59|2017-01-01T05:16:57|2017-01-01T05:42:57|00:26:00|0:0|COMPLETED|3|36|36|2800Mn|00:26:00|m[1-3]|normal|1|1327
1343|1343|beocat|normal|account2|users|100|user4|1004|2017-01-01T04:49:48|2017-01-01T04:49:48|2017-01-01T05:40:41|2017-01-01T05:43:44|00:03:03|0:0|COMPLETED|1|1|1|2800Mn|00:05:00|n4|normal|2|1343
1208|1208|beocat|normal|account1|users|100|user2|1002|2017-01-01T02:55:45|2017-01-01T02:55:45|2017-01-01T05:40:41|2017-01-01T05:43:49|00:03:08|0:0|COMPLETED|1|6|6|2800Mn|00:05:00|n4|normal|2|1208
1304|1304|beocat|normal|account1|users|100|user1|1001|2017-01-01T04:16:26|2017-01-01T04:16:26|2017-01-01T05:40:41|2017-01-01T05:44:11|00:03:30|0:0|COMPLETED|1|1|1|2800Mn|00:09:00|n4|normal|2|1304
1392|1392|beocat|normal|account2|users|100|user4|1004|2017-01-01T05:29:50|2017-01-01T05:29:50|2017-01-01T05:41:11|2017-01-01T05:45:47|00:04:36|0:0|COMPLETED|8|96|96|2800Mn|00:19:00|b[1-8]|normal|1|1392
1413|1413|beocat|normal|account1|users|100|user1|1001|2017-01-01T05:43:53|2017-01-01T05:43:53|2017-01-01T05:45:47|2017-01-01T05:47:18|00:01:31|0:0|COMPLETED|8|96|96|2800Mn|00:12:00|b[1-8]|normal|1|1413
1242|1242|beocat|normal|account2|users|100|user4|1004|2017-01-01T03:26:43|2017-01-01T03:26:43|2017-01-01T05:25:32|2017-01-01T05:51:32|00:26:00|0:0|COMPLETED|1|1|1|2800Mn|00:26:00|n4|normal|1|1242
1418|1418|beocat|normal|account1|users|100|user1|1001|2017-01-01T05:45:55|2017-01-01T05:45:55|2017-01-01T05:47:18|2017-01-01T05:52:01|00:04:43|0:0|COMPLETED|8|96|96|2800Mn|00:11:00|b[1-8]|normal|1|1418
1403|1403|beocat|normal|account2|users|100|user4|1004|2017-01-01T05:37:38|2017-01-01T05:37:38|2017-01-01T05:42:57|2017-01-01T05:56:58|00:14:01|0:0|COMPLETED|8|96|96|2800Mn|00:29:00|b9,m[1-4],n[1-3]|normal|1|1403
1226|1226|beocat|normal|account1|users|100|user2|1002|2017-01-01T03:13:24|2017-01-01T03:13:24|2017-01-01T05:56:58|2017-01-01T06:00:19|00:03:21|0:0|COMPLETED|2|24|24|2800Mn|00:13:00|m[1-2]|normal|1|1226
1172|1172|beocat|normal|account1|users|100|user3|1003|2017-01-01T02:27:57|2017-01-01T02:27:57|2017-01-01T06:00:41|2017-01-01T06:00:42|00:00:01|0:0|COMPLETED|1|1|1|2800Mn|00:16:00|n4|normal|2|1172
1246|1246|beocat|normal|account2|users|100|user4|1004|2017-01-01T03:29:14|2017-01-01T03:29:14|2017-01-01T06:00:41|2017-01-01T06:00:42|00:00:01|0:0|COMPLETED|1|1|1|2800Mn|00:09:00|g1|normal|2|1246
1227|1227|beocat|normal|account1|users|100|user2|1002|2017-01-01T03:14:00|2017-01-01T03:14:00|2017-01-01T05:56:58|2017-01-01T06:01:00|00:04:02|0:0|COMPLETED|2|24|24|2800Mn|00:21:00|n[1-2]|normal|1|1227
1416|1416|beocat|normal|account2|users|100|user4|1004|2017-01-01T05:45:05|2017-01-01T05:45:05|2017-01-01T06:00:41|2017-01-01T06:03:09|00:02:28|0:0|COMPLETED|1|6|6|2800Mn|00:05:00|g1|normal|2|1416
1200|1200|beocat|normal|account1|users|100|user2|1002|2017-01-01T02:51:47|2017-01-01T02:51:47|2017-01-01T06:00:41|2017-01-01T06:05:41|00:05:00|0:0|COMPLETED|1|1|1|2800Mn|00:13:00|n4|normal|2|1200
1201|1201|beocat|normal|account1|users|100|user2|1002|2017-01-01T02:52:44|2017-01-01T02:52:44|2017-01-01T06:00:41|2017-01-01T06:05:41|00:05:00|0:0|COMPLETED|1|12|12|2800Mn|00:05:00|n3|normal|2|1201
1240|1240|beocat|normal|account1|users|100|user3|1003|2017-01-01T03:23:48|2017-01-01T03:23:48|2017-01-01T06:00:41|2017-01-01T06:06:13|00:05:32|0:0|COMPLETED|1|6|6|2800Mn|00:07:00|n4|normal|2|1240
1276|1276|beocat|normal|account1|users|100|user3|1003|2017-01-01T03:54:49|2017-01-01T03:54:49|2017-01-01T06:00:41|2017-01-01T06:10:46|00:10:05|0:0|COMPLETED|3|36|36|2800Mn|00:17:00|m[1-2,4]|normal|2|1276
1422|1422|beocat|normal|account2|users|100|user5|1005|2017-01-01T05:49:12|2017-01-01T05:49:12|2017-01-01T05:52:02|2017-01-01T06:14:12|00:22:10|0:0|COMPLETED|8|96|96|2800Mn|00:23:00|b[1-8]|normal|1|1422
1256|1256|beocat|normal|account2|users|100|user4|1004|2017-01-01T03:36:53|2017-01-01T03:36:53|2017-01-01T06:00:41|2017-01-01T06:14:47|00:14:06|0:0|COMPLETED|1|1|1|2800Mn|00:18:00|n4|normal|2|1256
1192|1192|beocat|normal|account1|users|100|user2|1002|2017-01-01T02:46:10|2017-01-01T02:46:10|2017-01-01T05:56:58|2017-01-01T06:15:40|00:18:42|0:0|COMPLETED|1|12|12|2800Mn|00:24:00|m3|normal|1|1192
1235|1235|beocat|normal|account1|users|100|user3|1003|2017-01-01T03:18:56|2017-01-01T03:18:56|2017-01-01T06:00:41|2017-01-01T06:17:23|00:16:42|0:0|COMPLETED|2|24|24|2800Mn|00:28:00|b[9-10]|normal|2|1235
1348|1348|beocat|normal|account2|users|100|user5|1005|2017-01-01T04:55:01|2017-01-01T04:55:01|2017-01-01T06:20:41|2017-01-01T06:20:42|00:00:01|0:0|COMPLETED|1|1|1|2800Mn|00:05:00|g1|normal|2|1348
1436|1436|beocat|normal|account2|users|100|user4|1004|2017-01-01T06:02:59|2017-01-01T06:02:59|2017-01-01T06:14:12|2017-01-01T06:26:54|00:12:42|0:0|COMPLETED|8|96|96|2800Mn|00:30:00|b[1-8]|normal|1|1436
1263|1263|beocat|normal|account1|users|100|user1|1001|2017-01-01T03:45:55|2017-01-01T03:45:55|2017-01-01T06:20:41|2017-01-01T06:28:14|00:07:33|0:0|COMPLETED|1|6|6|2800Mn|00:09:00|g1|normal|2|1263
1160|1160|beocat|normal|account1|users|100|user3|1003|2017-01-01T02:19:32|2017-01-01T02:19:32|2017-01-01T06:00:41|2017-01-01T06:28:56|00:28:15|0:0|COMPLETED|1|1|1|2800Mn|00:30:00|g1|normal|2|1160
1456|1456|beocat|normal|account2|users|100|user5|1005|2017-01-01T06:20:32|2017-01-01T06:20:32|2017-01-01T06:26:54|2017-01-01T06:35:04|00:08:10|0:0|COMPLETED|8|96|96|2800Mn|00:15:00|b[1-8]|normal|1|1456
1445|1445|beocat|normal|account2|users|100|user4|1004|2017-01-01T06:11:02|2017-01-01T06:11:02|2017-01-01T06:15:40|2017-01-01T06:38:16|00:22:36|0:0|COMPLETED|8|96|96|2800Mn|00:27:00|m[1-4],n[1-4]|normal|1|1445
1205|1205|beocat|normal|account1|users|100|user3|1003|2017-01-01T02:54:51|2017-01-01T02:54:51|2017-01-01T06:20:41|2017-01-01T06:38:41|00:18:00|0:0|COMPLETED|1|12|12|500000Mn|00:18:00|b9|normal|2|1205
1301|1301|beocat|normal|account1|users|100|user3|1003|2017-01-01T04:13:53|2017-01-01T04:13:53|2017-01-01T06:38:16|2017-01-01T06:40:32|00:02:16|0:0|COMPLETED|4|48|48|2800Mn|00:30:00|m[1-4]|normal|1|1301
1237|1237|beocat|normal|account1|users|100|user2|1002|2017-01-01T03:21:15|2017-01-01T03:21:15|2017-01-01T06:40:32|2017-01-01T06:40:33|00:00:01|0:0|COMPLETED|2|24|24|2800Mn|00:27:00|m[1-2]|normal|1|1237
1189|1189|beocat|normal|account1|users|100|user1|1001|2017-01-01T02:43:07|2017-01-01T02:43:07|2017-01-01T06:40:41|2017-01-01T06:42:15|00:01:34|0:0|COMPLETED|1|6|6|2800Mn|00:17:00|m1|normal|2|1189
1264|1264|beocat|normal|account1|users|100|user2|1002|2017-01-01T03:46:34|2017-01-01T03:46:34|2017-01-01T06:40:41|2017-01-01T06:43:12|00:02:31|0:0|COMPLETED|1|6|6|2800Mn|00:06:00|m1|normal|2|1264
1233|1233|beocat|normal|account1|users|100|user1|1001|2017-01-01T03:16:26|2017-01-01T03:16:26|2017-01-01T06:40:41|2017-01-01T06:43:39|00:02:58|0:0|COMPLETED|1|12|12|500000Mn|00:05:00|b5|normal|2|1233
1217|1217|beocat|normal|account1|users|100|user1|1001|2017-01-01T03:03:02|2017-01-01T03:03:02|2017-01-01T06:20:41|2017-01-01T06:43:41|00:23:00|0:0|COMPLETED|1|12|12|500000Mn|00:23:00|b10|normal|2|1217
1222|1222|beocat|normal|account1|users|100|user1|1001|2017-01-01T03:11:49|2017-01-01T03:11:49|2017-01-01T06:40:41|2017-01-01T06:45:27|00:04:46|0:0|COMPLETED|1|12|12|2800Mn|00:06:00|m2|normal|2|1222
1328|1328|beocat|normal|account1|users|100|user1|1001|2017-01-01T04:34:46|2017-01-01T04:34:46|2017-01-01T06:40:41|2017-01-01T06:45:41|00:05:00|0:0|COMPLETED|4|48|48|2800Mn|00:05:00|b[1-4]|normal|2|1328
1224|1224|beocat|normal|account1|users|100|user1|1001|2017-01-01T03:12:42|2017-01-01T03:12:42|2017-01-01T06:40:41|2017-01-01T06:45:44|00:05:03|0:0|COMPLETED|1|12|12|2800Mn|00:06:00|m4|normal|2|1224
1234|1234|beocat|normal|account1|users|100|user2|1002|2017-01-01T03:16:52|2017-01-01T03:16:52|2017-01-01T06:40:41|2017-01-01T06:46:41|00:06:00|0:0|COMPLETED|1|12|12|2800Mn|00:12:00|n4|normal|2|1234
1350|1350|beocat|normal|account1|users|100|user3|1003|2017-01-01T04:55:40|2017-01-01T04:55:40|2017-01-01T06:40:41|2017-01-01T06:48:17|00:07:36|0:0|COMPLETED|4|48|48|2800Mn|00:11:00|b[6-9]|normal|2|1350
1202|1202|beocat|normal|account1|users|100|user3|1003|2017-01-01T02:53:07|2017-01-01T02:53:07|2017-01-01T06:40:32|2017-01-01T06:48:42|00:08:10|0:0|COMPLETED|1|12|12|2800Mn|00:25:00|m3|normal|1|1202
1257|1257|beocat|normal|account2|users|100|user4|1004|2017-01-01T03:37:29|2017-01-01T03:37:29|2017-01-01T06:40:41|2017-01-01T06:54:17|00:13:36|0:0|COMPLETED|1|1|1|2800Mn|00:15:00|g1|normal|2|1257
1214|1214|beocat|normal|account1|users|100|user1|1001|2017-01-01T03:01:14|2017-01-01T03:01:14|2017-01-01T06:57:41|2017-01-01T06:57:42|00:00:01|0:0|COMPLETED|1|12|12|2800Mn|00:18:00|m4|normal|1|1214
1248|1248|beocat|normal|account1|users|100|user3|1003|2017-01-01T03:31:32|2017-01-01T03:31:32|2017-01-01T06:40:41|2017-01-01T06:58:41|00:18:00|0:0|COMPLETED|1|6|6|2800Mn|00:18:00|g1|normal|2|1248
1297|1297|beocat|normal|account1|users|100|user2|1002|2017-01-01T04:10:17|2017-01-01T04:10:17|2017-01-01T06:52:24|2017-01-01T07:01:30|00:09:06|0:0|COMPLETED|3|36|36|2800Mn|00:28:00|m[1-3]|normal|1|1297
1479|1479|beocat|normal|account2|users|100|user4|1004|2017-01-01T06:40:58|2017-01-01T06:40:58|2017-01-01T07:00:41|2017-01-01T07:02:14|00:01:33|0:0|COMPLETED|1|1|1|2800Mn|00:05:00|b2|normal|2|1479
1400|1400|beocat|normal|account1|users|100|user2|1002|2017-01-01T05:35:50|2017-01-01T05:35:50|2017-01-01T07:00:41|2017-01-01T07:02:22|00:01:41|0:0|COMPLETED|1|1|1|2800Mn|00:17:00|b2|normal|2|1400
1404|1404|beocat|normal|account2|users|100|user4|1004|2017-01-01T05:37:50|2017-01-01T05:37:50|2017-01-01T07:00:41|2017-01-01T07:02:43|00:02:02|0:0|COMPLETED|4|48|48|2800Mn|00:23:00|b[3-6]|normal|2|1404
1347|1347|beocat|normal|account1|users|100|user1|1001|2017-01-01T04:53:28|2017-01-01T04:53:28|2017-01-01T07:00:41|2017-01-01T07:03:05|00:02:24|0:0|COMPLETED|1|1|1|2800Mn|00:17:00|b2|normal|2|1347
1275|1275|beocat|normal|account1|users|100|user3|1003|2017-01-01T03:54:00|2017-01-01T03:54:00|2017-01-01T06:40:32|2017-01-01T07:03:49|00:23:17|0:0|COMPLETED|3|36|36|2800Mn|00:30:00|n[1-3]|normal|1|1275
1250|1250|beocat|normal|account1|users|100|user2|1002|2017-01-01T03:32:16|2017-01-01T03:32:16|2017-01-01T07:00:41|2017-01-01T07:04:45|00:04:04|0:0|COMPLETED|1|12|12|2800Mn|00:11:00|n4|normal|2|1250
1244|1244|beocat|normal|account1|users|100|user1|1001|2017-01-01T03:28:06|2017-01-01T03:28:06|2017-01-01T07:00:41|2017-01-01T07:05:12|00:04:31|0:0|COMPLETED|1|12|12|2800Mn|00:10:00|b1|normal|2|1244
1303|1303|beocat|normal|account1|users|100|user2|1002|2017-01-01T04:15:23|2017-01-01T04:15:23|2017-01-01T07:00:41|2017-01-01T07:05:41|00:05:00|0:0|COMPLETED|1|1|1|2800Mn|00:05:00|g1|normal|2|1303
1499|1499|beocat|normal|account1|users|100|user2|1002|2017-01-01T06:59:45|2017-01-01T06:59:45|2017-01-01T07:00:41|2017-01-01T07:06:58|00:06:17|0:0|COMPLETED|1|1|1|2800Mn|00:08:00|b2|normal|2|1499
1178|1178|beocat|normal|account1|users|100|user2|1002|2017-01-01T02:34:02|2017-01-01T02:34:02|2017-01-01T06:40:32|2017-01-01T07:07:12|00:26:40|0:0|COMPLETED|1|1|1|2800Mn|00:30:00|g1|normal|1|1178
1203|1203|beocat|normal|account1|users|100|user3|1003|2017-01-01T02:54:09|2017-01-01T02:54:09|2017-01-01T07:07:12|2017-01-01T07:07:14|00:00:02|0:0|COMPLETED|1|12|12|2800Mn|00:21:00|g1|normal|1|1203
1251|1251|beocat|normal|account1|users|100|user3|1003|2017-01-01T03:33:56|2017-01-01T03:33:56|2017-01-01T07:00:41|2017-01-01T07:07:22|00:06:41|0:0|COMPLETED|1|6|6|2800Mn|00:19:00|b2|normal|2|1251
1305|1305|beocat|normal|account1|users|100|user2|1002|2017-01-01T04:16:42|2017-01-01T04:16:42|2017-01-01T07:07:12|2017-01-01T07:10:25|00:03:13|0:0|COMPLETED|3|36|36|2800Mn|00:10:00|m[1-3]|normal|1|1305
1342|1342|beocat|normal|account1|users|100|user1|1001|2017-01-01T04:48:14|2017-01-01T04:48:14|2017-01-01T07:00:41|2017-01-01T07:11:53|00:11:12|0:0|COMPLETED|3|36|36|2800Mn|00:19:00|b[8-10]|normal|2|1342
1220|1220|beocat|normal|account1|users|100|user1|1001|2017-01-01T03:07:18|2017-01-01T03:07:18|2017-01-01T07:07:15|2017-01-01T07:13:04|00:05:49|0:0|COMPLETED|1|12|12|2800Mn|00:20:00|g1|normal|1|1220
1282|1282|beocat|normal|account2|users|100|user4|1004|2017-01-01T03:58:52|2017-01-01T03:58:52|2017-01-01T07:10:25|2017-01-01T07:14:38|00:04:13|0:0|COMPLETED|1|12|12|2800Mn|00:10:00|m3|normal|1|1282
1265|1265|beocat|normal|account1|users|100|user1|1001|2017-01-01T03:47:07|2017-01-01T03:47:07|2017-01-01T07:10:25|2017-01-01T07:16:02|00:05:37|0:0|COMPLETED|2|24|24|2800Mn|00:07:00|m[1-2]|normal|1|1265
1230|1230|beocat|normal|account1|users|100|user3|1003|2017-01-01T03:15:59|2017-01-01T03:15:59|2017-01-01T07:00:41|2017-01-01T07:19:28|00:18:47|0:0|COMPLETED|1|12|12|2800Mn|00:23:00|m4|normal|2|1230
1349|1349|beocat|normal|account1|users|100|user3|1003|2017-01-01T04:55:19|2017-01-01T04:55:19|2017-01-01T07:20:41|2017-01-01T07:20:42|00:00:01|0:0|COMPLETED|1|1|1|2800Mn|00:10:00|m2|normal|2|1349
1294|1294|beocat|normal|account1|users|100|user2|1002|2017-01-01T04:08:20|2017-01-01T04:08:20|2017-01-01T07:20:41|2017-01-01T07:22:22|00:01:41|0:0|COMPLETED|1|12|12|2800Mn|00:05:00|b5|normal|2|1294
1269|1269|beocat|normal|account1|users|100|user2|1002|2017-01-01T03:50:39|2017-01-01T03:50:39|2017-01-01T07:00:41|2017-01-01T07:23:41|00:23:00|0:0|COMPLETED|1|12|12|2800Mn|00:23:00|b7|normal|2|1269
1271|1271|beocat|normal|account2|users|100|user4|1004|2017-01-01T03:51:36|2017-01-01T03:51:36|2017-01-01T07:20:41|2017-01-01T07:23:42|00:03:01|0:0|COMPLETED|1|1|1|500000Mn|00:07:00|b1|normal|2|1271
1438|1438|beocat|normal|account1|users|100|user3|1003|2017-01-01T06:04:26|2017-01-01T06:04:26|2017-01-01T07:20:41|2017-01-01T07:24:28|00:03:47|0:0|COMPLETED|1|12|12|500000Mn|00:05:00|b10|normal|2|1438
1291|1291|beocat|normal|account2|users|100|user4|1004|2017-01-01T04:06:20|2017-01-01T04:06:20|2017-01-01T07:20:41|2017-01-01T07:25:07|00:04:26|0:0|COMPLETED|1|1|1|2800Mn|00:14:00|m1|normal|2|1291
1280|1280|beocat|normal|account1|users|100|user1|1001|2017-01-01T03:58:24|2017-01-01T03:58:24|2017-01-01T07:20:41|2017-01-01T07:25:11|00:04:30|0:0|COMPLETED|1|12|12|500000Mn|00:16:00|b4|normal|2|1280
1300|1300|beocat|normal|account1|users|100|user3|1003|2017-01-01T04:13:44|2017-01-01T04:13:44|2017-01-01T07:10:25|2017-01-01T07:25:26|00:15:01|0:0|COMPLETED|3|36|36|2800Mn|00:30:00|n[1-3]|normal|1|1300
1272|1272|beocat|normal|account1|users|100|user1|1001|2017-01-01T03:52:10|2017-01-01T03:52:10|2017-01-01T07:20:41|2017-01-01T07:25:43|00:05:02|0:0|COMPLETED|1|1|1|2800Mn|00:11:00|m1|normal|2|1272
1473|1473|beocat|normal|account2|users|100|user5|1005|2017-01-01T06:34:17|2017-01-01T06:34:17|2017-01-01T07:20:41|2017-01-01T07:26:07|00:05:26|0:0|COMPLETED|1|6|6|2800Mn|00:07:00|b2|normal|2|1473
1330|1330|beocat|normal|account2|users|100|user5|1005|2017-01-01T04:35:09|2017-01-01T04:35:09|2017-01-01T07:20:41|2017-01-01T07:26:23|00:05:42|0:0|COMPLETED|1|12|12|2800Mn|00:29:00|n4|normal|2|1330
1318|1318|beocat|normal|account2|users|100|user5|1005|2017-01-01T04:25:52|2017-01-01T04:25:52|2017-01-01T07:20:41|2017-01-01T07:26:28|00:05:47|0:0|COMPLETED|1|6|6|2800Mn|00:11:00|m2|normal|2|1318
1382|1382|beocat|normal|account1|users|100|user1|1001|2017-01-01T05:19:49|2017-01-01T05:19:49|2017-01-01T07:20:41|2017-01-01T07:26:41|00:06:00|0:0|COMPLETED|1|1|1|2800Mn|00:06:00|m2|normal|2|1382
1238|1238|beocat|normal|account1|users|100|user3|1003|2017-01-01T03:22:25|2017-01-01T03:22:25|2017-01-01T07:26:23|2017-01-01T07:26:58|00:00:35|0:0|COMPLETED|1|6|6|2800Mn|00:18:00|n4|normal|1|1238
1482|1482|beocat|normal|account1|users|100|user1|1001|2017-01-01T06:42:42|2017-01-01T06:42:42|2017-01-01T07:20:41|2017-01-01T07:27:41|00:07:00|0:0|COMPLETED|1|1|1|2800Mn|00:07:00|m2|normal|2|1482
1323|1323|beocat|normal|account2|users|100|user4|1004|2017-01-01T04:30:16|2017-01-01T04:30:16|2017-01-01T07:20:41|2017-01-01T07:27:50|00:07:09|0:0|COMPLETED|1|12|12|2800Mn|00:29:00|b3|normal|2|1323
1322|1322|beocat|normal|account1|users|100|user3|1003|2017-01-01T04:29:53|2017-01-01T04:29:53|2017-01-01T07:25:26|2017-01-01T07:30:08|00:04:42|0:0|COMPLETED|3|36|36|2800Mn|00:05:00|n[1-3]|normal|1|1322
1206|1206|beocat|normal|account1|users|100|user3|1003|2017-01-01T02:55:03|2017-01-01T02:55:03|2017-01-01T07:00:41|2017-01-01T07:30:14|00:29:33|0:0|COMPLETED|1|1|1|2800Mn|00:30:00|b2|normal|2|1206
1259|1259|beocat|normal|account1|users|100|user3|1003|2017-01-01T03:37:42|2017-01-01T03:37:42|2017-01-01T07:20:41|2017-01-01T07:32:15|00:11:34|0:0|COMPLETED|1|1|1|2800Mn|00:14:00|m1|normal|2|1259
1216|1216|beocat|normal|account1|users|100|user3|1003|2017-01-01T03:02:33|2017-01-01T03:02:33|2017-01-01T07:20:41|2017-01-01T07:32:21|00:11:40|0:0|COMPLETED|1|1|1|2800Mn|00:26:00|m1|normal|2|1216
1362|1362|beocat|normal|account2|users|100|user5|1005|2017-01-01T05:04:11|2017-01-01T05:04:11|2017-01-01T07:20:41|2017-01-01T07:36:01|00:15:20|0:0|COMPLETED|1|1|1|2800Mn|00:23:00|m1|normal|2|1362
1310|1310|beocat|normal|account2|users|100|user5|1005|2017-01-01T04:18:27|2017-01-01T04:18:27|2017-01-01T07:20:41|2017-01-01T07:36:15|00:15:34|0:0|COMPLETED|1|6|6|2800Mn|00:19:00|m1|normal|2|1310
1285|1285|beocat|normal|account1|users|100|user1|1001|2017-01-01T03:59:22|2017-01-01T03:59:22|2017-01-01T07:20:41|2017-01-01T07:36:41|00:16:00|0:0|COMPLETED|1|12|12|2800Mn|00:16:00|g1|normal|2|1285
1309|1309|beocat|normal|account2|users|100|user4|1004|2017-01-01T04:17:43|2017-01-01T04:17:43|2017-01-01T07:20:41|2017-01-01T07:37:02|00:16:21|0:0|COMPLETED|1|12|12|2800Mn|00:19:00|m4|normal|2|1309
1393|1393|beocat|normal|account2|users|100|user4|1004|2017-01-01T05:30:23|2017-01-01T05:30:23|2017-01-01T07:30:08|2017-01-01T07:38:53|00:08:45|0:0|COMPLETED|3|36|36|2800Mn|00:24:00|n[1-3]|normal|1|1393
1261|1261|beocat|normal|account1|users|100|user3|1003|2017-01-01T03:43:37|2017-01-01T03:43:37|2017-01-01T07:38:53|2017-01-01T07:38:54|00:00:01|0:0|COMPLETED|1|12|12|2800Mn|00:23:00|n1|normal|1|1261
1398|1398|beocat|normal|account2|users|100|user5|1005|2017-01-01T05:34:23|2017-01-01T05:34:23|2017-01-01T07:40:41|2017-01-01T07:40:43|00:00:02|0:0|COMPLETED|1|1|1|2800Mn|00:12:00|n4|normal|2|1398
1428|1428|beocat|normal|account1|users|100|user1|1001|2017-01-01T05:54:35|2017-01-01T05:54:35|2017-01-01T07:40:42|2017-01-01T07:40:43|00:00:01|0:0|COMPLETED|1|1|1|2800Mn|00:25:00|g1|normal|2|1428
1270|1270|beocat|normal|account1|users|100|user3|1003|2017-01-01T03:51:23|2017-01-01T03:51:23|2017-01-01T07:40:41|2017-01-01T07:41:36|00:00:55|0:0|COMPLETED|1|12|12|2800Mn|00:20:00|n1|normal|2|1270
1283|1283|beocat|normal|account2|users|100|user4|1004|2017-01-01T03:59:01|2017-01-01T03:59:01|2017-01-01T07:14:38|2017-01-01T07:41:38|00:27:00|0:0|COMPLETED|1|12|12|2800Mn|00:27:00|m3|normal|1|1283
1223|1223|beocat|normal|account1|users|100|user1|1001|2017-01-01T03:12:22|2017-01-01T03:12:22|2017-01-01T07:20:41|2017-01-01T07:41:41|00:21:00|0:0|COMPLETED|1|1|1|2800Mn|00:21:00|m1|normal|2|1223
1405|1405|beocat|normal|account2|users|100|user4|1004|2017-01-01T05:38:04|2017-01-01T05:38:04|2017-01-01T07:41:41|2017-01-01T07:41:46|00:00:05|0:0|COMPLETED|3|36|36|2800Mn|00:09:00|m[1,3-4]|normal|1|1405
1299|1299|beocat|normal|account1|users|100|user1|1001|2017-01-01T04:12:41|2017-01-01T04:12:41|2017-01-01T07:40:41|2017-01-01T07:41:49|00:01:08|0:0|COMPLETED|1|6|6|2800Mn|00:25:00|g1|normal|2|1299
1308|1308|beocat|normal|account1|users|100|user3|1003|2017-01-01T04:17:39|2017-01-01T04:17:39|2017-01-01T07:40:41|2017-01-01T07:42:37|00:01:56|0:0|COMPLETED|1|12|12|2800Mn|00:08:00|b10|normal|2|1308
1374|1374|beocat|normal|account1|users|100|user2|1002|2017-01-01T05:14:15|2017-01-01T05:14:15|2017-01-01T07:20:41|2017-01-01T07:42:41|00:22:00|0:0|COMPLETED|3|36|36|2800Mn|00:22:00|b[6,8-9]|normal|2|1374
1260|1260|beocat|normal|account1|users|100|user1|1001|2017-01-01T03:40:40|2017-01-01T03:40:40|2017-01-01T07:40:41|2017-01-01T07:42:50|00:02:09|0:0|COMPLETED|1|2|2|2800Mn|00:27:00|g1|normal|2|1260
1353|1353|beocat|normal|account2|users|100|user4|1004|2017-01-01T04:58:39|2017-01-01T04:58:39|2017-01-01T07:40:41|2017-01-01T07:43:52|00:03:11|0:0|COMPLETED|1|12|12|2800Mn|00:09:00|b7|normal|2|1353
1292|1292|beocat|normal|account1|users|100|user2|1002|2017-01-01T04:06:22|2017-01-01T04:06:22|2017-01-01T07:40:41|2017-01-01T07:43:52|00:03:11|0:0|COMPLETED|1|12|12|2800Mn|00:06:00|n3|normal|2|1292
1316|1316|beocat|normal|account2|users|100|user5|1005|2017-01-01T04:23:52|2017-01-01T04:23:52|2017-01-01T07:30:08|2017-01-01T07:44:43|00:14:35|0:0|COMPLETED|1|1|1|2800Mn|00:25:00|n4|normal|1|1316
1249|1249|beocat|normal|account1|users|100|user3|1003|2017-01-01T03:31:38|2017-01-01T03:31:38|2017-01-01T07:38:53|2017-01-01T07:45:17|00:06:24|0:0|COMPLETED|1|6|6|2800Mn|00:12:00|n2|normal|1|1249
1449|1449|beocat|normal|account2|users|100|user4|1004|2017-01-01T06:13:32|2017-01-01T06:13:32|2017-01-01T07:40:41|2017-01-01T07:46:09|00:05:28|0:0|COMPLETED|4|48|48|2800Mn|00:07:00|b[1-4]|normal|2|1449
1391|1391|beocat|normal|account2|users|100|user5|1005|2017-01-01T05:29:48|2017-01-01T05:29:48|2017-01-01T07:40:41|2017-01-01T07:47:20|00:06:39|0:0|COMPLETED|1|1|1|2800Mn|00:12:00|n4|normal|2|1391
1360|1360|beocat|normal|account2|users|100|user4|1004|2017-01-01T05:03:09|2017-01-01T05:03:09|2017-01-01T07:40:41|2017-01-01T07:48:43|00:08:02|0:0|COMPLETED|1|1|1|2800Mn|00:22:00|g1|normal|2|1360
1284|1284|beocat|normal|account1|users|100|user3|1003|2017-01-01T03:59:03|2017-01-01T03:59:03|2017-01-01T07:40:41|2017-01-01T07:50:19|00:09:38|0:0|COMPLETED|1|12|12|2800Mn|00:12:00|b5|normal|2|1284
1268|1268|beocat|normal|account1|users|100|user1|1001|2017-01-01T03:50:27|2017-01-01T03:50:27|2017-01-01T07:40:41|2017-01-01T07:50:41|00:10:00|0:0|COMPLETED|1|6|6|2800Mn|00:10:00|n2|normal|2|1268
1231|1231|beocat|normal|account1|users|100|user2|1002|2017-01-01T03:16:25|2017-01-01T03:16:25|2017-01-01T07:26:23|2017-01-01T07:52:23|00:26:00|0:0|COMPLETED|1|1|1|2800Mn|00:26:00|n4|normal|1|1231
1432|1432|beocat|normal|account1|users|100|user1|1001|2017-01-01T05:59:15|2017-01-01T05:59:15|2017-01-01T07:40:42|2017-01-01T07:56:37|00:15:55|0:0|COMPLETED|1|1|1|2800Mn|00:26:00|g1|normal|2|1432
1380|1380|beocat|normal|account1|users|100|user2|1002|2017-01-01T05:18:10|2017-01-01T05:18:10|2017-01-01T07:40:42|2017-01-01T07:57:08|00:16:26|0:0|COMPLETED|1|1|1|2800Mn|00:21:00|g1|normal|2|1380
1351|1351|beocat|normal|account2|users|100|user5|1005|2017-01-01T04:55:46|2017-01-01T04:55:46|2017-01-01T07:38:53|2017-01-01T07:58:53|00:20:00|0:0|COMPLETED|1|12|12|2800Mn|00:20:00|m2|normal|1|1351
1389|1389|beocat|normal|account2|users|100|user5|1005|2017-01-01T05:27:33|2017-01-01T05:27:33|2017-01-01T08:00:42|2017-01-01T08:00:43|00:00:01|0:0|COMPLETED|1|12|12|2800Mn|00:07:00|n2|normal|2|1389
1375|1375|beocat|normal|account2|users|100|user5|1005|2017-01-01T05:14:57|2017-01-01T05:14:57|2017-01-01T08:00:42|2017-01-01T08:00:43|00:00:01|0:0|COMPLETED|1|6|6|2800Mn|00:23:00|b1|normal|2|1375
1477|1477|beocat|normal|account1|users|100|user2|1002|2017-01-01T06:39:25|2017-01-01T06:39:25|2017-01-01T08:00:42|2017-01-01T08:04:02|00:03:20|0:0|COMPLETED|1|6|6|2800Mn|00:05:00|n4|normal|2|1477
1340|1340|beocat|normal|account1|users|100|user3|1003|2017-01-01T04:47:00|2017-01-01T04:47:00|2017-01-01T08:00:42|2017-01-01T08:04:14|00:03:32|0:0|COMPLETED|1|6|6|2800Mn|00:13:00|g1|normal|2|1340
1324|1324|beocat|normal|account1|users|100|user2|1002|2017-01-01T04:30:19|2017-01-01T04:30:19|2017-01-01T08:00:42|2017-01-01T08:04:14|00:03:32|0:0|COMPLETED|1|1|1|2800Mn|00:17:00|g1|normal|2|1324
1373|1373|beocat|normal|account2|users|100|user4|1004|2017-01-01T05:13:52|2017-01-01T05:13:52|2017-01-01T08:00:42|2017-01-01T08:04:45|00:04:03|0:0|COMPLETED|1|12|12|2800Mn|00:05:00|n3|normal|2|1373
1376|1376|beocat|normal|account2|users|100|user5|1005|2017-01-01T05:15:55|2017-01-01T05:15:55|2017-01-01T08:00:42|2017-01-01T08:05:14|00:04:32|0:0|COMPLETED|1|6|6|2800Mn|00:29:00|b2|normal|2|1376
1440|1440|beocat|normal|account2|users|100|user5|1005|2017-01-01T06:06:38|2017-01-01T06:06:38|2017-01-01T08:00:42|2017-01-01T08:05:37|00:04:55|0:0|COMPLETED|2|24|24|2800Mn|00:06:00|b[3-4]|normal|2|1440
1410|1410|beocat|normal|account1|users|100|user2|1002|2017-01-01T05:41:30|2017-01-01T05:41:30|2017-01-01T07:58:53|2017-01-01T08:06:15|00:07:22|0:0|COMPLETED|4|48|48|2800Mn|00:15:00|m[1-4]|normal|1|1410
1278|1278|beocat|normal|account1|users|100|user2|1002|2017-01-01T03:56:31|2017-01-01T03:56:31|2017-01-01T07:40:41|2017-01-01T08:07:06|00:26:25|0:0|COMPLETED|1|6|6|2800Mn|00:27:00|n4|normal|2|1278
1346|1346|beocat|normal|account2|users|100|user4|1004|2017-01-01T04:53:18|2017-01-01T04:53:18|2017-01-01T08:00:42|2017-01-01T08:08:57|00:08:15|0:0|COMPLETED|1|6|6|2800Mn|00:21:00|b2|normal|2|1346
1286|1286|beocat|normal|account1|users|100|user1|1001|2017-01-01T03:59:45|2017-01-01T03:59:45|2017-01-01T08:00:42|2017-01-01T08:10:27|00:09:45|0:0|COMPLETED|1|1|1|2800Mn|00:22:00|g1|normal|2|1286
1298|1298|beocat|normal|account1|users|100|user2|1002|2017-01-01T04:10:38|2017-01-01T04:10:38|2017-01-01T07:58:53|2017-01-01T08:10:53|00:12:00|0:0|COMPLETED|1|12|12|2800Mn|00:12:00|n1|normal|1|1298
1378|1378|beocat|normal|account1|users|100|user2|1002|2017-01-01T05:16:57|2017-01-01T05:16:57|2017-01-01T08:00:42|2017-01-01T08:12:22|00:11:40|0:0|COMPLETED|2|24|24|2800Mn|00:16:00|b[9-10]|normal|2|1378
1339|1339|beocat|normal|account2|users|100|user4|1004|2017-01-01T04:46:29|2017-01-01T04:46:29|2017-01-01T08:00:42|2017-01-01T08:18:06|00:17:24|0:0|COMPLETED|1|6|6|2800Mn|00:30:00|b1|normal|2|1339
1302|1302|beocat|normal|account1|users|100|user1|1001|2017-01-01T04:14:00|2017-01-01T04:14:00|2017-01-01T08:20:42|2017-01-01T08:20:43|00:00:01|0:0|COMPLETED|1|12|12|2800Mn|00:24:00|m1|normal|2|1302
1412|1412|beocat|normal|account1|users|100|user1|1001|2017-01-01T05:43:26|2017-01-01T05:43:26|2017-01-01T08:10:53|2017-01-01T08:22:53|00:12:00|0:0|COMPLETED|4|48|48|2800Mn|00:12:00|n[1-4]|normal|1|1412
1497|1497|beocat|normal|account1|users|100|user3|1003|2017-01-01T06:58:32|2017-01-01T06:58:32|2017-01-01T08:20:42|2017-01-01T08:24:20|00:03:38|0:0|COMPLETED|1|1|1|2800Mn|00:20:00|b9|normal|2|1497
1325|1325|beocat|normal|account1|users|100|user2|1002|2017-01-01T04:31:03|2017-01-01T04:31:03|2017-01-01T08:20:42|2017-01-01T08:24:58|00:04:16|0:0|COMPLETED|1|12|12|2800Mn|00:30:00|g1|normal|2|1325
1335|1335|beocat|normal|account1|users|100|user3|1003|2017-01-01T04:39:38|2017-01-01T04:39:38|2017-01-01T08:20:42|2017-01-01T08:26:04|00:05:22|0:0|COMPLETED|1|6|6|2800Mn|00:16:00|m4|normal|2|1335
1321|1321|beocat|normal|account1|users|100|user3|1003|2017-01-01T04:28:38|2017-01-01T04:28:38|2017-01-01T08:20:42|2017-01-01T08:29:03|00:08:21|0:0|COMPLETED|1|6|6|500000Mn|00:24:00|b9|normal|2|1321
1486|1486|beocat|normal|account2|users|100|user4|1004|2017-01-01T06:50:36|2017-01-01T06:50:36|2017-01-01T08:20:42|2017-01-01T08:29:39|00:08:57|0:0|COMPLETED|4|48|48|2800Mn|00:27:00|b[1-4]|normal|2|1486
1468|1468|beocat|normal|account1|users|100|user2|1002|2017-01-01T06:30:39|2017-01-01T06:30:39|2017-01-01T08:20:42|2017-01-01T08:30:20|00:09:38|0:0|COMPLETED|1|1|1|2800Mn|00:19:00|b9|normal|2|1468
1483|1483|beocat|normal|account2|users|100|user4|1004|2017-01-01T06:44:55|2017-01-01T06:44:55|2017-01-01T08:00:42|2017-01-01T08:30:42|00:30:00|0:0|COMPLETED|4|48|48|2800Mn|00:30:00|b[5-8]|normal|2|1483
1337|1337|beocat|normal|account1|users|100|user2|1002|2017-01-01T04:44:52|2017-01-01T04:44:52|2017-01-01T08:20:42|2017-01-01T08:31:37|00:10:55|0:0|COMPLETED|1|6|6|2800Mn|00:26:00|b10|normal|2|1337
1313|1313|beocat|normal|account1|users|100|user1|1001|2017-01-01T04:22:21|2017-01-01T04:22:21|2017-01-01T08:20:42|2017-01-01T08:31:53|00:11:11|0:0|COMPLETED|1|6|6|2800Mn|00:13:00|m4|normal|2|1313
1326|1326|beocat|normal|account1|users|100|user2|1002|2017-01-01T04:32:19|2017-01-01T04:32:19|2017-01-01T08:20:42|2017-01-01T08:36:26|00:15:44|0:0|COMPLETED|1|12|12|2800Mn|00:20:00|m3|normal|2|1326
1385|1385|beocat|normal|account1|users|100|user1|1001|2017-01-01T05:23:46|2017-01-01T05:23:46|2017-01-01T08:36:26|2017-01-01T08:36:27|00:00:01|0:0|COMPLETED|3|36|36|2800Mn|00:28:00|m[1,3-4]|normal|1|1385
1408|1408|beocat|normal|account2|users|100|user5|1005|2017-01-01T05:39:40|2017-01-01T05:39:40|2017-01-01T08:20:42|2017-01-01T08:37:54|00:17:12|0:0|COMPLETED|1|1|1|2800Mn|00:28:00|b10|normal|2|1408
1430|1430|beocat|normal|account1|users|100|user3|1003|2017-01-01T05:57:41|2017-01-01T05:57:41|2017-01-01T08:20:42|2017-01-01T08:39:05|00:18:23|0:0|COMPLETED|1|1|1|2800Mn|00:25:00|b10|normal|2|1430
1312|1312|beocat|normal|account2|users|100|user4|1004|2017-01-01T04:20:07|2017-01-01T04:20:07|2017-01-01T08:36:29|2017-01-01T08:39:16|00:02:47|0:0|COMPLETED|1|1|1|2800Mn|00:28:00|m1|normal|1|1312
1371|1371|beocat|normal|account2|users|100|user4|1004|2017-01-01T05:12:57|2017-01-01T05:12:57|2017-01-01T08:40:42|2017-01-01T08:40:43|00:00:01|0:0|COMPLETED|1|12|12|2800Mn|00:13:00|m3|normal|2|1371
1488|1488|beocat|normal|account1|users|100|user3|1003|2017-01-01T06:51:45|2017-01-01T06:51:45|2017-01-01T08:20:42|2017-01-01T08:41:03|00:20:21|0:0|COMPLETED|1|1|1|2800Mn|00:21:00|b9|normal|2|1488
1293|1293|beocat|normal|account1|users|100|user3|1003|2017-01-01T04:07:30|2017-01-01T04:07:30|2017-01-01T08:20:42|2017-01-01T08:41:42|00:21:00|0:0|COMPLETED|1|12|12|2800Mn|00:21:00|m2|normal|2|1293
1500|1500|beocat|normal|account2|users|100|user5|1005|2017-01-01T06:59:49|2017-01-01T06:59:49|2017-01-01T08:40:42|2017-01-01T08:42:14|00:01:32|0:0|COMPLETED|3|36|36|2800Mn|00:22:00|b[5-7]|normal|2|1500
1452|1452|beocat|normal|account1|users|100|user3|1003|2017-01-01T06:16:48|2017-01-01T06:16:48|2017-01-01T08:40:42|2017-01-01T08:42:16|00:01:34|0:0|COMPLETED|4|48|48|2800Mn|00:05:00|b[1-4]|normal|2|1452
1357|1357|beocat|normal|account1|users|100|user2|1002|2017-01-01T05:02:33|2017-01-01T05:02:33|2017-01-01T08:40:42|2017-01-01T08:43:34|00:02:52|0:0|COMPLETED|1|12|12|2800Mn|00:11:00|m4|normal|2|1357
1296|1296|beocat|normal|account1|users|100|user2|1002|2017-01-01T04:09:24|2017-01-01T04:09:24|2017-01-01T08:40:42|2017-01-01T08:44:36|00:03:54|0:0|COMPLETED|1|2|2|2800Mn|00:12:00|g1|normal|2|1296
1363|1363|beocat|normal|account1|users|100|user1|1001|2017-01-01T05:04:21|2017-01-01T05:04:21|2017-01-01T08:40:42|2017-01-01T08:46:50|00:06:08|0:0|COMPLETED|1|1|1|2800Mn|00:11:00|m1|normal|2|1363
1415|1415|beocat|normal|account1|users|100|user1|1001|2017-01-01T05:44:36|2017-01-01T05:44:36|2017-01-01T08:22:53|2017-01-01T08:52:53|00:30:00|0:0|COMPLETED|4|48|48|2800Mn|00:30:00|n[1-4]|normal|1|1415
1464|1464|beocat|normal|account2|users|100|user5|1005|2017-01-01T06:26:49|2017-01-01T06:26:49|2017-01-01T08:52:53|2017-01-01T08:52:54|00:00:01|0:0|COMPLETED|3|36|36|2800Mn|00:09:00|n[1-3]|normal|1|1464
1443|1443|beocat|normal|account2|users|100|user5|1005|2017-01-01T06:07:45|2017-01-01T06:07:45|2017-01-01T08:40:42|2017-01-01T08:54:16|00:13:34|0:0|COMPLETED|1|1|1|2800Mn|00:15:00|m1|normal|2|1443
1295|1295|beocat|normal|account1|users|100|user2|1002|2017-01-01T04:08:21|2017-01-01T04:08:21|2017-01-01T08:36:29|2017-01-01T08:55:58|00:19:29|0:0|COMPLETED|1|6|6|2800Mn|00:21:00|m1|normal|1|1295
1435|1435|beocat|normal|account1|users|100|user2|1002|2017-01-01T06:02:52|2017-01-01T06:02:52|2017-01-01T08:55:58|2017-01-01T08:56:59|00:01:01|0:0|COMPLETED|4|48|48|2800Mn|00:22:00|m[1-4]|normal|1|1435
1344|1344|beocat|normal|account2|users|100|user4|1004|2017-01-01T04:51:47|2017-01-01T04:51:47|2017-01-01T08:56:59|2017-01-01T08:57:00|00:00:01|0:0|COMPLETED|1|6|6|2800Mn|00:17:00|n1|normal|1|1344
1336|1336|beocat|normal|account1|users|100|user3|1003|2017-01-01T04:41:27|2017-01-01T04:41:27|2017-01-01T08:56:59|2017-01-01T08:57:00|00:00:01|0:0|COMPLETED|1|12|12|2800Mn|00:07:00|n3|normal|1|1336
1338|1338|beocat|normal|account1|users|100|user2|1002|2017-01-01T04:45:40|2017-01-01T04:45:40|2017-01-01T08:56:59|2017-01-01T09:00:14|00:03:15|0:0|COMPLETED|1|12|12|2800Mn|00:09:00|n2|normal|1|1338
1411|1411|beocat|normal|account2|users|100|user5|1005|2017-01-01T05:42:13|2017-01-01T05:42:13|2017-01-01T09:00:42|2017-01-01T09:00:43|00:00:01|0:0|COMPLETED|1|1|1|500000Mn|00:25:00|b4|normal|2|1411
1463|1463|beocat|normal|account2|users|100|user5|1005|2017-01-01T06:26:12|2017-01-01T06:26:12|2017-01-01T09:00:42|2017-01-01T09:00:43|00:00:01|0:0|COMPLETED|1|12|12|2800Mn|00:14:00|n3|normal|2|1463
1384|1384|beocat|normal|account1|users|100|user2|1002|2017-01-01T05:23:07|2017-01-01T05:23:07|2017-01-01T09:00:42|2017-01-01T09:00:52|00:00:10|0:0|COMPLETED|1|12|12|2800Mn|00:25:00|b8|normal|2|1384
1361|1361|beocat|normal|account1|users|100|user1|1001|2017-01-01T05:03:27|2017-01-01T05:03:27|2017-01-01T09:00:42|2017-01-01T09:00:55|00:00:13|0:0|COMPLETED|1|12|12|2800Mn|00:05:00|n2|normal|2|1361
1365|1365|beocat|normal|account1|users|100|user1|1001|2017-01-01T05:08:53|2017-01-01T05:08:53|2017-01-01T09:00:42|2017-01-01T09:02:59|00:02:17|0:0|COMPLETED|1|1|1|2800Mn|00:19:00|m3|normal|2|1365
1390|1390|beocat|normal|account1|users|100|user2|1002|2017-01-01T05:29:33|2017-01-01T05:29:33|2017-01-01T09:00:42|2017-01-01T09:03:15|00:02:33|0:0|COMPLETED|1|1|1|2800Mn|00:27:00|b7|normal|2|1390
1334|1334|beocat|normal|account1|users|100|user3|1003|2017-01-01T04:39:37|2017-01-01T04:39:37|2017-01-01T09:00:42|2017-01-01T09:03:22|00:02:40|0:0|COMPLETED|1|6|6|2800Mn|00:28:00|n4|normal|2|1334
1417|1417|beocat|normal|account2|users|100|user4|1004|2017-01-01T05:45:08|2017-01-01T05:45:08|2017-01-01T09:00:42|2017-01-01T09:03:25|00:02:43|0:0|COMPLETED|1|6|6|500000Mn|00:17:00|b9|normal|2|1417
1372|1372|beocat|normal|account2|users|100|user4|1004|2017-01-01T05:13:00|2017-01-01T05:13:00|2017-01-01T09:00:42|2017-01-01T09:03:29|00:02:47|0:0|COMPLETED|1|1|1|500000Mn|00:26:00|b5|normal|2|1372
1489|1489|beocat|normal|account1|users|100|user1|1001|2017-01-01T06:52:24|2017-01-01T06:52:24|2017-01-01T09:00:42|2017-01-01T09:05:27|00:04:45|0:0|COMPLETED|1|6|6|2800Mn|00:12:00|n1|normal|2|1489
1409|1409|beocat|normal|account2|users|100|user4|1004|2017-01-01T05:40:40|2017-01-01T05:40:40|2017-01-01T09:00:42|2017-01-01T09:06:11|00:05:29|0:0|COMPLETED|1|6|6|2800Mn|00:19:00|m3|normal|2|1409
1494|1494|beocat|normal|account2|users|100|user4|1004|2017-01-01T06:53:43|2017-01-01T06:53:43|2017-01-01T09:00:42|2017-01-01T09:06:59|00:06:17|0:0|COMPLETED|1|1|1|2800Mn|00:15:00|n1|normal|2|1494
1421|1421|beocat|normal|account2|users|100|user5|1005|2017-01-01T05:47:43|2017-01-01T05:47:43|2017-01-01T09:00:42|2017-01-01T09:07:58|00:07:16|0:0|COMPLETED|1|1|1|2800Mn|00:17:00|m3|normal|2|1421
1439|1439|beocat|normal|account2|users|100|user5|1005|2017-01-01T06:05:25|2017-01-01T06:05:25|2017-01-01T09:00:42|2017-01-01T09:08:07|00:07:25|0:0|COMPLETED|1|6|6|500000Mn|00:28:00|b7|normal|2|1439
1369|1369|beocat|normal|account2|users|100|user5|1005|2017-01-01T05:11:30|2017-01-01T05:11:30|2017-01-01T08:52:53|2017-01-01T09:09:04|00:16:11|0:0|COMPLETED|1|6|6|2800Mn|00:29:00|n4|normal|1|1369
1306|1306|beocat|normal|account1|users|100|user3|1003|2017-01-01T04:17:35|2017-01-01T04:17:35|2017-01-01T09:00:42|2017-01-01T09:09:14|00:08:32|0:0|COMPLETED|1|1|1|2800Mn|00:26:00|m3|normal|2|1306
1311|1311|beocat|normal|account1|users|100|user3|1003|2017-01-01T04:19:46|2017-01-01T04:19:46|2017-01-01T08:56:59|2017-01-01T09:13:18|00:16:19|0:0|COMPLETED|1|6|6|2800Mn|00:27:00|m1|normal|1|1311
1333|1333|beocat|normal|account2|users|100|user4|1004|2017-01-01T04:38:19|2017-01-01T04:38:19|2017-01-01T08:56:59|2017-01-01T09:14:14|00:17:15|0:0|COMPLETED|1|2|2|2800Mn|00:20:00|g1|normal|1|1333
1441|1441|beocat|normal|account1|users|100|user2|1002|2017-01-01T06:07:12|2017-01-01T06:07:12|2017-01-01T09:00:42|2017-01-01T09:14:16|00:13:34|0:0|COMPLETED|3|36|36|2800Mn|00:21:00|b[1-3]|normal|2|1441
1377|1377|beocat|normal|account2|users|100|user4|1004|2017-01-01T05:16:10|2017-01-01T05:16:10|2017-01-01T08:56:59|2017-01-01T09:15:12|00:18:13|0:0|COMPLETED|1|12|12|2800Mn|00:19:00|m2|normal|1|1377
1395|1395|beocat|normal|account1|users|100|user2|1002|2017-01-01T05:32:10|2017-01-01T05:32:10|2017-01-01T09:00:42|2017-01-01T09:16:42|00:16:00|0:0|COMPLETED|1|12|12|500000Mn|00:16:00|b10|normal|2|1395
1370|1370|beocat|normal|account2|users|100|user5|1005|2017-01-01T05:11:36|2017-01-01T05:11:36|2017-01-01T08:56:59|2017-01-01T09:18:59|00:22:00|0:0|COMPLETED|1|1|1|2800Mn|00:22:00|n1|normal|1|1370
1341|1341|beocat|normal|account2|users|100|user4|1004|2017-01-01T04:47:42|2017-01-01T04:47:42|2017-01-01T08:56:59|2017-01-01T09:18:59|00:22:00|0:0|COMPLETED|1|6|6|2800Mn|00:22:00|m1|normal|1|1341
1364|1364|beocat|normal|account1|users|100|user2|1002|2017-01-01T05:08:16|2017-01-01T05:08:16|2017-01-01T09:00:42|2017-01-01T09:20:42|00:20:00|0:0|COMPLETED|1|12|12|2800Mn|00:20:00|m4|normal|2|1364
1388|1388|beocat|normal|account1|users|100|user1|1001|2017-01-01T05:25:08|2017-01-01T05:25:08|2017-01-01T09:00:42|2017-01-01T09:20:50|00:20:08|0:0|COMPLETED|1|1|1|2800Mn|00:27:00|b7|normal|2|1388
1394|1394|beocat|normal|account1|users|100|user1|1001|2017-01-01T05:31:55|2017-01-01T05:31:55|2017-01-01T09:20:42|2017-01-01T09:21:31|00:00:49|0:0|COMPLETED|1|12|12|500000Mn|00:19:00|b9|normal|2|1394
1453|1453|beocat|normal|account2|users|100|user5|1005|2017-01-01T06:17:36|2017-01-01T06:17:36|2017-01-01T09:00:42|2017-01-01T09:21:42|00:21:00|0:0|COMPLETED|1|1|1|2800Mn|00:21:00|m3|normal|2|1453
1387|1387|beocat|normal|account2|users|100|user5|1005|2017-01-01T05:24:47|2017-01-01T05:24:47|2017-01-01T09:00:42|2017-01-01T09:23:49|00:23:07|0:0|COMPLETED|1|1|1|2800Mn|00:24:00|m3|normal|2|1387
1466|1466|beocat|normal|account1|users|100|user1|1001|2017-01-01T06:28:14|2017-01-01T06:28:14|2017-01-01T09:20:42|2017-01-01T09:24:33|00:03:51|0:0|COMPLETED|3|36|36|2800Mn|00:16:00|b[1-3]|normal|2|1466
1426|1426|beocat|normal|account1|users|100|user2|1002|2017-01-01T05:51:59|2017-01-01T05:51:59|2017-01-01T09:09:04|2017-01-01T09:24:58|00:15:54|0:0|COMPLETED|3|36|36|2800Mn|00:20:00|n[2-4]|normal|1|1426
1424|1424|beocat|normal|account1|users|100|user2|1002|2017-01-01T05:51:11|2017-01-01T05:51:11|2017-01-01T09:20:42|2017-01-01T09:25:12|00:04:30|0:0|COMPLETED|1|12|12|2800Mn|00:08:00|n1|normal|2|1424
1407|1407|beocat|normal|account2|users|100|user4|1004|2017-01-01T05:38:48|2017-01-01T05:38:48|2017-01-01T09:20:42|2017-01-01T09:25:31|00:04:49|0:0|COMPLETED|1|12|12|2800Mn|00:06:00|g1|normal|2|1407
1423|1423|beocat|normal|account1|users|100|user2|1002|2017-01-01T05:51:05|2017-01-01T05:51:05|2017-01-01T09:20:42|2017-01-01T09:26:41|00:05:59|0:0|COMPLETED|1|6|6|2800Mn|00:08:00|m3|normal|2|1423
1442|1442|beocat|normal|account2|users|100|user5|1005|2017-01-01T06:07:13|2017-01-01T06:07:13|2017-01-01T09:25:12|2017-01-01T09:27:53|00:02:41|0:0|COMPLETED|1|12|12|2800Mn|00:18:00|n1|normal|1|1442
1379|1379|beocat|normal|account1|users|100|user2|1002|2017-01-01T05:17:01|2017-01-01T05:17:01|2017-01-01T09:20:42|2017-01-01T09:27:53|00:07:11|0:0|COMPLETED|1|6|6|2800Mn|00:24:00|b7|normal|2|1379
1433|1433|beocat|normal|account1|users|100|user3|1003|2017-01-01T05:59:53|2017-01-01T05:59:53|2017-01-01T09:24:58|2017-01-01T09:28:31|00:03:33|0:0|COMPLETED|3|36|36|2800Mn|00:09:00|n[2-4]|normal|1|1433
1471|1471|beocat|normal|account2|users|100|user5|1005|2017-01-01T06:33:53|2017-01-01T06:33:53|2017-01-01T09:20:42|2017-01-01T09:29:19|00:08:37|0:0|COMPLETED|1|12|12|2800Mn|00:25:00|b4|normal|2|1471
1451|1451|beocat|normal|account2|users|100|user5|1005|2017-01-01T06:16:42|2017-01-01T06:16:42|2017-01-01T09:00:42|2017-01-01T09:30:25|00:29:43|0:0|COMPLETED|1|12|12|500000Mn|00:30:00|b6|normal|2|1451
1396|1396|beocat|normal|account1|users|100|user3|1003|2017-01-01T05:33:42|2017-01-01T05:33:42|2017-01-01T09:20:42|2017-01-01T09:31:15|00:10:33|0:0|COMPLETED|1|6|6|2800Mn|00:27:00|b10|normal|2|1396
1367|1367|beocat|normal|account1|users|100|user3|1003|2017-01-01T05:09:37|2017-01-01T05:09:37|2017-01-01T09:25:31|2017-01-01T09:31:46|00:06:15|0:0|COMPLETED|1|12|12|2800Mn|00:11:00|g1|normal|1|1367
1381|1381|beocat|normal|account1|users|100|user3|1003|2017-01-01T05:19:24|2017-01-01T05:19:24|2017-01-01T09:20:42|2017-01-01T09:32:57|00:12:15|0:0|COMPLETED|1|6|6|2800Mn|00:24:00|b10|normal|2|1381
1431|1431|beocat|normal|account1|users|100|user3|1003|2017-01-01T05:58:05|2017-01-01T05:58:05|2017-01-01T09:20:42|2017-01-01T09:39:42|00:19:00|0:0|COMPLETED|3|36|36|2800Mn|00:19:00|m[1-2,4]|normal|2|1431
1450|1450|beocat|normal|account1|users|100|user2|1002|2017-01-01T06:14:43|2017-01-01T06:14:43|2017-01-01T09:40:42|2017-01-01T09:40:43|00:00:01|0:0|COMPLETED|2|24|24|2800Mn|00:28:00|b[6-7]|normal|2|1450
1427|1427|beocat|normal|account1|users|100|user2|1002|2017-01-01T05:53:53|2017-01-01T05:53:53|2017-01-01T09:40:42|2017-01-01T09:40:53|00:00:11|0:0|COMPLETED|1|12|12|500000Mn|00:09:00|b10|normal|2|1427
1469|1469|beocat|normal|account1|users|100|user1|1001|2017-01-01T06:32:57|2017-01-01T06:32:57|2017-01-01T09:40:42|2017-01-01T09:41:03|00:00:21|0:0|COMPLETED|3|36|36|2800Mn|00:21:00|m[1-3]|normal|2|1469
1359|1359|beocat|normal|account1|users|100|user1|1001|2017-01-01T05:02:59|2017-01-01T05:02:59|2017-01-01T09:40:42|2017-01-01T09:44:38|00:03:56|0:0|COMPLETED|1|6|6|2800Mn|00:20:00|n1|normal|2|1359
1491|1491|beocat|normal|account2|users|100|user5|1005|2017-01-01T06:52:43|2017-01-01T06:52:43|2017-01-01T09:40:42|2017-01-01T09:45:21|00:04:39|0:0|COMPLETED|1|12|12|2800Mn|00:24:00|n3|normal|2|1491
1434|1434|beocat|normal|account1|users|100|user2|1002|2017-01-01T06:00:21|2017-01-01T06:00:21|2017-01-01T09:20:42|2017-01-01T09:45:42|00:25:00|0:0|COMPLETED|2|24|24|2800Mn|00:25:00|b[5,8]|normal|2|1434
1366|1366|beocat|normal|account1|users|100|user1|1001|2017-01-01T05:09:32|2017-01-01T05:09:32|2017-01-01T09:31:46|2017-01-01T09:46:00|00:14:14|0:0|COMPLETED|1|12|12|2800Mn|00:19:00|g1|normal|1|1366
1406|1406|beocat|normal|account1|users|100|user1|1001|2017-01-01T05:38:34|2017-01-01T05:38:34|2017-01-01T09:40:42|2017-01-01T09:46:15|00:05:33|0:0|COMPLETED|1|6|6|500000Mn|00:28:00|b9|normal|2|1406
1457|1457|beocat|normal|account2|users|100|user5|1005|2017-01-01T06:20:51|2017-01-01T06:20:51|2017-01-01T09:46:00|2017-01-01T09:46:28|00:00:28|0:0|COMPLETED|1|12|12|2800Mn|00:10:00|g1|normal|1|1457
1368|1368|beocat|normal|account1|users|100|user1|1001|2017-01-01T05:11:22|2017-01-01T05:11:22|2017-01-01T09:46:28|2017-01-01T09:52:28|00:06:00|0:0|COMPLETED|1|12|12|2800Mn|00:23:00|g1|normal|1|1368
1354|1354|beocat|normal|account1|users|100|user1|1001|2017-01-01T04:58:49|2017-01-01T04:58:49|2017-01-01T09:40:42|2017-01-01T09:55:55|00:15:13|0:0|COMPLETED|1|6|6|2800Mn|00:19:00|n1|normal|2|1354
1345|1345|beocat|normal|account1|users|100|user1|1001|2017-01-01T04:52:23|2017-01-01T04:52:23|2017-01-01T09:52:28|2017-01-01T09:57:28|00:05:00|0:0|COMPLETED|1|1|1|2800Mn|00:05:00|g1|normal|1|1345
1420|1420|beocat|normal|account1|users|100|user2|1002|2017-01-01T05:47:11|2017-01-01T05:47:11|2017-01-01T09:40:42|2017-01-01T09:57:47|00:17:05|0:0|COMPLETED|1|12|12|2800Mn|00:24:00|n4|normal|2|1420
1475|1475|beocat|normal|account1|users|100|user1|1001|2017-01-01T06:35:38|2017-01-01T06:35:38|2017-01-01T09:52:28|2017-01-01T09:59:58|00:07:30|0:0|COMPLETED|3|36|36|2800Mn|00:13:00|m[1-3]|normal|1|1475
1476|1476|beocat|normal|account1|users|100|user1|1001|2017-01-01T06:35:57|2017-01-01T06:35:57|2017-01-01T09:59:58|2017-01-01T09:59:59|00:00:01|0:0|COMPLETED|3|36|36|2800Mn|00:23:00|m[1-3]|normal|1|1476
1484|1484|beocat|normal|account1|users|100|user1|1001|2017-01-01T06:45:56|2017-01-01T06:45:56|2017-01-01T09:59:58|2017-01-01T09:59:59|00:00:01|0:0|COMPLETED|3|36|36|2800Mn|00:05:00|n[1,3-4]|normal|1|1484
1470|1470|beocat|normal|account1|users|100|user3|1003|2017-01-01T06:33:17|2017-01-01T06:33:17|2017-01-01T10:00:01|2017-01-01T10:00:02|00:00:01|0:0|COMPLETED|2|24|24|2800Mn|00:22:00|m[1-2]|normal|1|1470
1480|1480|beocat|normal|account1|users|100|user2|1002|2017-01-01T06:41:18|2017-01-01T06:41:18|2017-01-01T09:40:42|2017-01-01T10:01:38|00:20:56|0:0|COMPLETED|3|36|36|2800Mn|00:30:00|b[1-3]|normal|2|1480
1419|1419|beocat|normal|account1|users|100|user1|1001|2017-01-01T05:46:04|2017-01-01T05:46:04|2017-01-01T09:40:42|2017-01-01T10:01:57|00:21:15|0:0|COMPLETED|1|12|12|500000Mn|00:26:00|b4|normal|2|1419
1448|1448|beocat|normal|account2|users|100|user4|1004|2017-01-01T06:13:30|2017-01-01T06:13:30|2017-01-01T09:40:42|2017-01-01T10:02:23|00:21:41|0:0|COMPLETED|1|12|12|2800Mn|00:30:00|m4|normal|2|1448
1472|1472|beocat|normal|account1|users|100|user3|1003|2017-01-01T06:34:03|2017-01-01T06:34:03|2017-01-01T10:00:42|2017-01-01T10:02:49|00:02:07|0:0|COMPLETED|2|24|24|2800Mn|00:05:00|m[1-2]|normal|2|1472
1401|1401|beocat|normal|account1|users|100|user2|1002|2017-01-01T05:36:00|2017-01-01T05:36:00|2017-01-01T10:00:42|2017-01-01T10:02:58|00:02:16|0:0|COMPLETED|1|1|1|2800Mn|00:14:00|g1|normal|2|1401
1429|1429|beocat|normal|account1|users|100|user3|1003|2017-01-01T05:55:23|2017-01-01T05:55:23|2017-01-01T10:00:42|2017-01-01T10:04:03|00:03:21|0:0|COMPLETED|1|6|6|2800Mn|00:29:00|n4|normal|2|1429
1460|1460|beocat|normal|account1|users|100|user2|1002|2017-01-01T06:24:40|2017-01-01T06:24:40|2017-01-01T10:00:42|2017-01-01T10:04:23|00:03:41|0:0|COMPLETED|1|12|12|2800Mn|00:06:00|b7|normal|2|1460
1454|1454|beocat|normal|account2|users|100|user4|1004|2017-01-01T06:19:26|2017-01-01T06:19:26|2017-01-01T09:40:42|2017-01-01T10:05:08|00:24:26|0:0|COMPLETED|1|12|12|2800Mn|00:25:00|n2|normal|2|1454
1455|1455|beocat|normal|account1|users|100|user3|1003|2017-01-01T06:20:00|2017-01-01T06:20:00|2017-01-01T10:00:42|2017-01-01T10:05:17|00:04:35|0:0|COMPLETED|1|12|12|2800Mn|00:05:00|b6|normal|2|1455
1437|1437|beocat|normal|account1|users|100|user3|1003|2017-01-01T06:03:10|2017-01-01T06:03:10|2017-01-01T10:00:42|2017-01-01T10:08:38|00:07:56|0:0|COMPLETED|1|6|6|2800Mn|00:23:00|m3|normal|2|1437
1447|1447|beocat|normal|account1|users|100|user1|1001|2017-01-01T06:13:23|2017-01-01T06:13:23|2017-01-01T10:00:42|2017-01-01T10:09:50|00:09:08|0:0|COMPLETED|1|1|1|500000Mn|00:12:00|b8|normal|2|1447
1461|1461|beocat|normal|account1|users|100|user1|1001|2017-01-01T06:25:55|2017-01-01T06:25:55|2017-01-01T10:00:42|2017-01-01T10:12:11|00:11:29|0:0|COMPLETED|1|6|6|2800Mn|00:26:00|b5|normal|2|1461
1444|1444|beocat|normal|account1|users|100|user2|1002|2017-01-01T06:08:38|2017-01-01T06:08:38|2017-01-01T10:00:42|2017-01-01T10:13:54|00:13:12|0:0|COMPLETED|1|1|1|500000Mn|00:17:00|b9|normal|2|1444
1495|1495|beocat|normal|account2|users|100|user4|1004|2017-01-01T06:55:18|2017-01-01T06:55:18|2017-01-01T10:00:42|2017-01-01T10:14:02|00:13:20|0:0|COMPLETED|1|6|6|2800Mn|00:22:00|n4|normal|2|1495
1397|1397|beocat|normal|account1|users|100|user2|1002|2017-01-01T05:34:02|2017-01-01T05:34:02|2017-01-01T10:00:42|2017-01-01T10:14:10|00:13:28|0:0|COMPLETED|1|1|1|2800Mn|00:26:00|m3|normal|2|1397
1386|1386|beocat|normal|account1|users|100|user1|1001|2017-01-01T05:24:21|2017-01-01T05:24:21|2017-01-01T09:59:58|2017-01-01T10:14:33|00:14:35|0:0|COMPLETED|1|1|1|2800Mn|00:26:00|g1|normal|1|1386
1481|1481|beocat|normal|account1|users|100|user2|1002|2017-01-01T06:42:18|2017-01-01T06:42:18|2017-01-01T10:00:42|2017-01-01T10:15:57|00:15:15|0:0|COMPLETED|1|12|12|2800Mn|00:19:00|b10|normal|2|1481
1490|1490|beocat|normal|account2|users|100|user5|1005|2017-01-01T06:52:27|2017-01-01T06:52:27|2017-01-01T09:59:58|2017-01-01T10:21:26|00:21:28|0:0|COMPLETED|1|6|6|2800Mn|00:28:00|b5|normal|1|1490
1467|1467|beocat|normal|account1|users|100|user1|1001|2017-01-01T06:28:44|2017-01-01T06:28:44|2017-01-01T10:00:01|2017-01-01T10:22:47|00:22:46|0:0|COMPLETED|2|24|24|2800Mn|00:30:00|n[1,3]|normal|1|1467
1492|1492|beocat|normal|account1|users|100|user1|1001|2017-01-01T06:52:52|2017-01-01T06:52:52|2017-01-01T10:20:42|2017-01-01T10:25:19|00:04:37|0:0|COMPLETED|1|6|6|2800Mn|00:23:00|m4|normal|2|1492
1493|1493|beocat|normal|account1|users|100|user3|1003|2017-01-01T06:53:33|2017-01-01T06:53:33|2017-01-01T10:20:42|2017-01-01T10:26:30|00:05:48|0:0|COMPLETED|1|12|12|2800Mn|00:06:00|n4|normal|2|1493
1402|1402|beocat|normal|account1|users|100|user1|1001|2017-01-01T05:36:37|2017-01-01T05:36:37|2017-01-01T10:14:33|2017-01-01T10:27:18|00:12:45|0:0|COMPLETED|1|2|2|2800Mn|00:15:00|g1|normal|1|1402
1458|1458|beocat|normal|account1|users|100|user1|1001|2017-01-01T06:22:21|2017-01-01T06:22:21|2017-01-01T10:20:42|2017-01-01T10:27:42|00:07:00|0:0|COMPLETED|1|12|12|2800Mn|00:07:00|n2|normal|2|1458
1462|1462|beocat|normal|account1|users|100|user1|1001|2017-01-01T06:26:11|2017-01-01T06:26:11|2017-01-01T10:20:42|2017-01-01T10:28:41|00:07:59|0:0|COMPLETED|1|6|6|2800Mn|00:19:00|m4|normal|2|1462
1496|1496|beocat|normal|account1|users|100|user3|1003|2017-01-01T06:56:29|2017-01-01T06:56:29|2017-01-01T10:20:42|2017-01-01T10:32:20|00:11:38|0:0|COMPLETED|2|24|24|2800Mn|00:30:00|m[1-2]|normal|2|1496
1459|1459|beocat|normal|account1|users|100|user1|1001|2017-01-01T06:24:26|2017-01-01T06:24:26|2017-01-01T10:20:42|2017-01-01T10:34:27|00:13:45|0:0|COMPLETED|1|12|12|2800Mn|00:20:00|m3|normal|2|1459
1474|1474|beocat|normal|account1|users|100|user2|1002|2017-01-01T06:34:33|2017-01-01T06:34:33|2017-01-01T10:40:42|2017-01-01T10:40:43|00:00:01|0:0|COMPLETED|1|6|6|2800Mn|00:22:00|n1|normal|2|1474
1498|1498|beocat|normal|account1|users|100|user1|1001|2017-01-01T06:59:02|2017-01-01T06:59:02|2017-01-01T10:40:42|2017-01-01T10:44:43|00:04:01|0:0|COMPLETED|1|6|6|2800Mn|00:05:00|n2|normal|2|1498
1414|1414|beocat|normal|account1|users|100|user3|1003|2017-01-01T05:44:35|2017-01-01T05:44:35|2017-01-01T10:27:18|2017-01-01T10:47:18|00:20:00|0:0|COMPLETED|1|2|2|2800Mn|00:20:00|g1|normal|1|1414
1478|1478|beocat|normal|account2|users|100|user4|1004|2017-01-01T06:40:39|2017-01-01T06:40:39|2017-01-01T10:47:18|2017-01-01T10:59:14|00:11:56|0:0|COMPLETED|1|1|1|2800Mn|00:22:00|g1|normal|1|1478
1446|1446|beocat|normal|account1|users|100|user1|1001|2017-01-01T06:13:20|2017-01-01T06:13:20|2017-01-01T10:59:14|2017-01-01T10:59:15|00:00:01|0:0|COMPLETED|1|12|12|2800Mn|00:30:00|g1|normal|1|1446
1425|1425|beocat|normal|account1|users|100|user3|1003|2017-01-01T05:51:48|2017-01-01T05:51:48|2017-01-01T10:59:17|2017-01-01T10:59:18|00:00:01|0:0|COMPLETED|1|2|2|2800Mn|00:27:00|g1|normal|1|1425
1485|1485|beocat|normal|account1|users|100|user3|1003|2017-01-01T06:46:29|2017-01-01T06:46:29|2017-01-01T10:40:42|2017-01-01T10:59:33|00:18:51|0:0|COMPLETED|1|1|1|2800Mn|00:19:00|n1|normal|2|1485
1465|1465|beocat|normal|account1|users|100|user1|1001|2017-01-01T06:27:08|2017-01-01T06:27:08|2017-01-01T10:59:20|2017-01-01T11:01:18|00:01:58|0:0|COMPLETED|1|1|1|2800Mn|00:05:00|g1|normal|1|1465
1487|1487|beocat|normal|account1|users|100|user2|1002|2017-01-01T06:51:28|2017-01-01T06:51:28|2017-01-01T10:59:20|2017-01-01T11:04:45|00:05:25|0:0|COMPLETED|1|1|1|2800Mn|00:11:00|g1|normal|1|1487
