[2000-12-31T23:00:00.000] debug:  SIM: Found name slurm for uid 1000 and gid 1000
[2000-12-31T23:00:00.000] debug:  Null authentication plugin loaded
[2000-12-31T23:00:00.050] Accounting storage MYSQL plugin loaded
[2000-12-31T23:00:00.050] debug:  SIM: Found name slurm for uid 1000 and gid 1000
[2000-12-31T23:00:00.050] Not running as root. Can't drop supplementary groups
[2000-12-31T23:00:00.051] debug:  SIM: Found uid 0 for name root
[2000-12-31T23:00:00.051] debug:  SIM: Found uid 1001 for name user1
[2000-12-31T23:00:00.051] debug:  SIM: Found uid 1002 for name user2
[2000-12-31T23:00:00.051] debug:  SIM: Found uid 1003 for name user3
[2000-12-31T23:00:00.051] debug:  SIM: Found uid 1004 for name user4
[2000-12-31T23:00:00.051] debug:  SIM: Found uid 1005 for name user5
[2000-12-31T23:00:00.051] slurmdbd version 17.02.2 started
[2000-12-31T23:00:05.023] debug:  REQUEST_PERSIST_INIT: CLUSTER:beocat VERSION:7936 UID:1000 IP:127.0.0.1 CONN:8
[2000-12-31T23:00:05.155] debug:  SIM: Found name slurm for uid 1000 and gid 1000
[2000-12-31T23:00:08.934] debug:  SIM: Found name slurm for uid 1000 and gid 1000
[2000-12-31T23:00:10.189] debug:  REQUEST_PERSIST_INIT: CLUSTER:beocat VERSION:7936 UID:1000 IP:127.0.0.1 CONN:9
[2000-12-31T23:00:10.696] debug:  SIM: Found name slurm for uid 1000 and gid 1000
[2000-12-31T23:00:12.304] debug:  cluster beocat has disconnected
[2000-12-31T23:00:00.000] debug:  SIM: Found name slurm for uid 1000 and gid 1000
[2000-12-31T23:00:00.000] debug:  Null authentication plugin loaded
[2000-12-31T23:00:00.015] debug:  Database slurmdb_beocat not created.  Creating
[2000-12-31T23:00:00.078] Accounting storage MYSQL plugin loaded
[2000-12-31T23:00:00.078] debug:  SIM: Found name slurm for uid 1000 and gid 1000
[2000-12-31T23:00:00.078] Not running as root. Can't drop supplementary groups
[2000-12-31T23:00:00.079] debug:  SIM: Found uid 0 for name root
[2000-12-31T23:00:00.079] debug:  SIM: Found uid 1001 for name user1
[2000-12-31T23:00:00.079] debug:  SIM: Found uid 1002 for name user2
[2000-12-31T23:00:00.079] debug:  SIM: Found uid 1003 for name user3
[2000-12-31T23:00:00.079] debug:  SIM: Found uid 1004 for name user4
[2000-12-31T23:00:00.079] debug:  SIM: Found uid 1005 for name user5
[2000-12-31T23:00:00.079] slurmdbd version 17.02.2 started
[2000-12-31T23:00:05.025] debug:  REQUEST_PERSIST_INIT: CLUSTER:beocat VERSION:7936 UID:1000 IP:127.0.0.1 CONN:8
[2000-12-31T23:00:05.165] debug:  SIM: Found name slurm for uid 1000 and gid 1000
[2000-12-31T23:00:09.069] debug:  SIM: Found name slurm for uid 1000 and gid 1000
[2000-12-31T23:00:10.548] debug:  REQUEST_PERSIST_INIT: CLUSTER:beocat VERSION:7936 UID:1000 IP:127.0.0.1 CONN:9
[2000-12-31T23:00:11.044] debug:  SIM: Found name slurm for uid 1000 and gid 1000
[2000-12-31T23:00:12.658] debug:  cluster beocat has disconnected
